#
# A fatal error has been detected by the Java Runtime Environment:
#
#  EXCEPTION_ACCESS_VIOLATION (0xc0000005) at pc=0x0000000066e813fb, pid=4876, tid=2516
#
# JRE version: Java(TM) SE Runtime Environment (20.0.1+9) (build 20.0.1+9-29)
# Java VM: Java HotSpot(TM) 64-Bit Server VM (20.0.1+9-29, mixed mode, sharing, tiered, compressed oops, compressed class ptrs, g1 gc, windows-amd64)
# Problematic frame:
# C  [native.dll+0x13fb]
#
# No core dump will be written. Minidumps are not enabled by default on client versions of Windows
#
# If you would like to submit a bug report, please visit:
#   https://bugreport.java.com/bugreport/crash.jsp
# The crash happened outside the Java Virtual Machine in native code.
# See problematic frame for where to report the bug.
#

---------------  S U M M A R Y ------------

Command Line: -Djava.library.path=D:\Study\Java Optimization\Lab 3\src --add-modules=ALL-DEFAULT jdk.compiler/com.sun.tools.javac.launcher.Main HelloWorldJNI.java

Host: 11th Gen Intel(R) Core(TM) i5-1135G7 @ 2.40GHz, 8 cores, 15G,  Windows 10 , 64 bit Build 19041 (10.0.19041.1682)
Time: Sat Apr 20 20:01:10 2024  Windows 10 , 64 bit Build 19041 (10.0.19041.1682) elapsed time: 10.376000 seconds (0d 0h 0m 10s)

---------------  T H R E A D  ---------------

Current thread (0x000002ea4866ff90):  JavaThread "Thread-0" [_thread_in_native, id=2516, stack(0x000000f355a00000,0x000000f355b00000)]

Stack: [0x000000f355a00000,0x000000f355b00000],  sp=0x000000f355aff270,  free space=1020k
Native frames: (J=compiled Java code, j=interpreted, Vv=VM code, C=native code)
C  [native.dll+0x13fb]

Java frames: (J=compiled Java code, j=interpreted, Vv=VM code)
j  HelloWorldJNI.eatMemory()V+0
j  HelloWorldJNI$$Lambda$225+0x000000080114c9f8.run()V+4
j  java.lang.Thread.runWith(Ljava/lang/Object;Ljava/lang/Runnable;)V+5 java.base@20.0.1
j  java.lang.Thread.run()V+19 java.base@20.0.1
v  ~StubRoutines::call_stub 0x000002ea338a10e7

siginfo: EXCEPTION_ACCESS_VIOLATION (0xc0000005), writing address 0x000002ea49c86000


Registers:
RAX=0x000002ea49c86000, RBX=0x000002ea442d06c8, RCX=0x8af172ead5480000, RDX=0x0000000000000000
RSP=0x000000f355aff270, RBP=0x000000f355aff2b0, RSI=0x000000f355aff8b0, RDI=0x000002ea338bde8a
R8 =0x0000000000000000, R9 =0x000000f355aff1e8, R10=0x0000000000000011, R11=0x0000000000000246
R12=0x0000000000000000, R13=0x000002ea442d06c8, R14=0x000000f355aff350, R15=0x000002ea4866ff90
RIP=0x0000000066e813fb, EFLAGS=0x0000000000010206


Register to memory mapping:

RIP=0x0000000066e813fb native.dll
RAX=0x000002ea49c86000 is an unknown value
RBX={method} {0x000002ea442d06d0} 'eatMemory' '()V' in 'HelloWorldJNI'
RCX=0x8af172ead5480000 is an unknown value
RDX=0x0 is NULL
RSP=0x000000f355aff270 is pointing into the stack for thread: 0x000002ea4866ff90
RBP=0x000000f355aff2b0 is pointing into the stack for thread: 0x000002ea4866ff90
RSI=0x000000f355aff8b0 is pointing into the stack for thread: 0x000002ea4866ff90
RDI=0x000002ea338bde8a is at code_begin+1098 in an Interpreter codelet
return entry points  [0x000002ea338bda40, 0x000002ea338be508]  2760 bytes
R8 =0x0 is NULL
R9 =0x000000f355aff1e8 is pointing into the stack for thread: 0x000002ea4866ff90
R10=0x0000000000000011 is an unknown value
R11=0x0000000000000246 is an unknown value
R12=0x0 is NULL
R13={method} {0x000002ea442d06d0} 'eatMemory' '()V' in 'HelloWorldJNI'
R14=0x000000f355aff350 is pointing into the stack for thread: 0x000002ea4866ff90
R15=0x000002ea4866ff90 is a thread


Top of Stack: (sp=0x000000f355aff270)
0x000000f355aff270:   000002ea442d06c8 000000f355aff8b0
0x000000f355aff280:   000002ea222d0110 0000000000004000
0x000000f355aff290:   000002ea442d06c8 0000000000000000
0x000000f355aff2a0:   000002ea494e4040 000f43f855aff350
0x000000f355aff2b0:   000000f355aff330 000002ea338c20f3
0x000000f355aff2c0:   000002ea48670270 000000f355aff350
0x000000f355aff2d0:   000000f355aff8b0 00007ffe00000008
0x000000f355aff2e0:   000002ea338c1d96 000000f355aff2e8
0x000000f355aff2f0:   000002ea442d06c8 000000f355aff350
0x000000f355aff300:   000002ea442d0940 0000000000000000
0x000000f355aff310:   000000071504f268 000002ea442d06c8
0x000000f355aff320:   0000000000000000 000000f355aff350
0x000000f355aff330:   000000f355aff3a0 000002ea338bde8a
0x000000f355aff340:   0000000000000000 000002ea338bf897
0x000000f355aff350:   0000000715089a60 000000f355aff358
0x000000f355aff360:   000002ea442d0f24 000000f355aff3b0
0x000000f355aff370:   000002ea442e1800 0000000000000000
0x000000f355aff380:   0000000715103b70 000002ea442d0f28
0x000000f355aff390:   000000f355aff350 000000f355aff3b0
0x000000f355aff3a0:   000000f355aff400 000002ea338be2da
0x000000f355aff3b0:   0000000715103ea0 000000f355aff3b8
0x000000f355aff3c0:   0000000800b974fd 000000f355aff420
0x000000f355aff3d0:   0000000800430f88 0000000000000000
0x000000f355aff3e0:   0000000713c20848 00000008004307f0
0x000000f355aff3f0:   000000f355aff3b0 000000f355aff410
0x000000f355aff400:   000000f355aff470 000002ea338bde8a
0x000000f355aff410:   0000000715103ea0 0000000713c20848
0x000000f355aff420:   00000007151018a0 000000f355aff428
0x000000f355aff430:   0000000800b98d6b 000000f355aff490
0x000000f355aff440:   0000000800430f88 0000000000000000
0x000000f355aff450:   0000000713c20848 0000000800017f58
0x000000f355aff460:   000000f355aff410 000000f355aff490 

Instructions: (pc=0x0000000066e813fb)
0x0000000066e812fb:   d2 48 89 f9 e8 dc 15 00 00 49 89 e8 31 d2 48 89
0x0000000066e8130b:   f9 e8 ff fc ff ff e9 49 ff ff ff 66 2e 0f 1f 84
0x0000000066e8131b:   00 00 00 00 00 83 fb 01 0f 85 33 ff ff ff eb d9
0x0000000066e8132b:   0f 1f 44 00 00 48 83 ec 48 48 8b 05 75 2f 00 00
0x0000000066e8133b:   c7 00 00 00 00 00 83 fa 01 74 0a 48 83 c4 48 e9
0x0000000066e8134b:   b1 fe ff ff 90 4c 89 44 24 38 89 54 24 34 48 89
0x0000000066e8135b:   4c 24 28 e8 0d 03 00 00 e8 f8 0b 00 00 4c 8b 44
0x0000000066e8136b:   24 38 8b 54 24 34 48 8b 4c 24 28 48 83 c4 48 e9
0x0000000066e8137b:   81 fe ff ff 90 48 89 ca 48 8d 0d 76 5c 00 00 e9
0x0000000066e8138b:   01 16 00 00 90 48 8d 0d 09 00 00 00 e9 e4 ff ff
0x0000000066e8139b:   ff 0f 1f 40 00 c3 90 90 90 90 90 90 90 90 90 90
0x0000000066e813ab:   90 90 90 90 90 55 48 89 e5 48 83 ec 40 48 89 4d
0x0000000066e813bb:   10 48 89 55 18 b9 00 12 7a 00 e8 5e 15 00 00 48
0x0000000066e813cb:   89 45 f0 c7 45 fc 00 00 00 00 b9 00 09 3d 00 e8
0x0000000066e813db:   49 15 00 00 48 89 45 e8 8b 45 fc 48 98 48 8d 14
0x0000000066e813eb:   c5 00 00 00 00 48 8b 45 f0 48 01 d0 48 8b 55 e8
0x0000000066e813fb:   48 89 10 83 45 fc 01 83 7d fc 64 75 cd 48 8d 0d
0x0000000066e8140b:   f1 2b 00 00 e8 0c 15 00 00 eb bf 55 48 89 e5 48
0x0000000066e8141b:   83 ec 40 48 89 4d 10 48 89 55 18 4c 89 45 20 44
0x0000000066e8142b:   89 c8 88 45 28 48 8b 45 10 48 8b 00 48 8b 40 30
0x0000000066e8143b:   48 8d 15 c6 2b 00 00 48 8b 4d 10 ff d0 48 89 45
0x0000000066e8144b:   f8 48 8b 45 10 48 8b 00 48 8b 80 d8 00 00 00 48
0x0000000066e8145b:   8b 55 f8 48 8b 4d 10 ff d0 48 89 45 f0 48 8b 45
0x0000000066e8146b:   10 48 8b 00 48 8b 80 f0 02 00 00 48 8b 55 f8 4c
0x0000000066e8147b:   8d 0d 8c 2b 00 00 4c 8d 05 98 2b 00 00 48 8b 4d
0x0000000066e8148b:   10 ff d0 48 89 45 e8 48 8b 45 10 48 8b 00 48 8b
0x0000000066e8149b:   80 f0 02 00 00 48 8b 55 f8 4c 8d 0d 7c 2b 00 00
0x0000000066e814ab:   4c 8d 05 77 2b 00 00 48 8b 4d 10 ff d0 48 89 45
0x0000000066e814bb:   e0 48 8b 45 10 48 8b 00 48 8b 80 40 03 00 00 4c
0x0000000066e814cb:   8b 45 20 48 8b 4d e8 48 8b 55 f0 4d 89 c1 49 89
0x0000000066e814db:   c8 48 8b 4d 10 ff d0 48 8b 45 10 48 8b 00 48 8b
0x0000000066e814eb:   80 48 03 00 00 0f b6 4d 28 4c 8b 45 e0 48 8b 55 


Stack slot to memory mapping:
stack at sp + 0 slots: {method} {0x000002ea442d06d0} 'eatMemory' '()V' in 'HelloWorldJNI'
stack at sp + 1 slots: 0x000000f355aff8b0 is pointing into the stack for thread: 0x000002ea4866ff90
stack at sp + 2 slots: 0x000002ea222d0110 points into unknown readable memory: 0x000002ea494e4000 | 00 40 4e 49 ea 02 00 00
stack at sp + 3 slots: 0x0000000000004000 is an unknown value
stack at sp + 4 slots: {method} {0x000002ea442d06d0} 'eatMemory' '()V' in 'HelloWorldJNI'
stack at sp + 5 slots: 0x0 is NULL
stack at sp + 6 slots: 0x000002ea494e4040 points into unknown readable memory: 0x000002ea49c99040 | 40 90 c9 49 ea 02 00 00
stack at sp + 7 slots: 0x000f43f855aff350 is an unknown value


---------------  P R O C E S S  ---------------

Threads class SMR info:
_java_thread_list=0x000002ea47e955f0, length=12, elements={
0x000002ea242b0220, 0x000002ea43701890, 0x000002ea43702690, 0x000002ea43704330,
0x000002ea4370a630, 0x000002ea4370b060, 0x000002ea4370d480, 0x000002ea43710c50,
0x000002ea4370e130, 0x000002ea47996780, 0x000002ea47a4e420, 0x000002ea4866ff90
}

Java Threads: ( => current thread )
  0x000002ea242b0220 JavaThread "main" [_thread_in_Java, id=15316, stack(0x000000f354000000,0x000000f354100000)]
  0x000002ea43701890 JavaThread "Reference Handler" daemon [_thread_blocked, id=9936, stack(0x000000f354700000,0x000000f354800000)]
  0x000002ea43702690 JavaThread "Finalizer" daemon [_thread_blocked, id=17348, stack(0x000000f354800000,0x000000f354900000)]
  0x000002ea43704330 JavaThread "Signal Dispatcher" daemon [_thread_blocked, id=8300, stack(0x000000f354900000,0x000000f354a00000)]
  0x000002ea4370a630 JavaThread "Attach Listener" daemon [_thread_blocked, id=14596, stack(0x000000f354a00000,0x000000f354b00000)]
  0x000002ea4370b060 JavaThread "Service Thread" daemon [_thread_blocked, id=7724, stack(0x000000f354b00000,0x000000f354c00000)]
  0x000002ea4370d480 JavaThread "Monitor Deflation Thread" daemon [_thread_blocked, id=10428, stack(0x000000f354c00000,0x000000f354d00000)]
  0x000002ea43710c50 JavaThread "C2 CompilerThread0" daemon [_thread_blocked, id=17492, stack(0x000000f354d00000,0x000000f354e00000)]
  0x000002ea4370e130 JavaThread "C1 CompilerThread0" daemon [_thread_blocked, id=3048, stack(0x000000f354e00000,0x000000f354f00000)]
  0x000002ea47996780 JavaThread "Common-Cleaner" daemon [_thread_blocked, id=16620, stack(0x000000f354f00000,0x000000f355000000)]
  0x000002ea47a4e420 JavaThread "Notification Thread" daemon [_thread_blocked, id=5216, stack(0x000000f355000000,0x000000f355100000)]
=>0x000002ea4866ff90 JavaThread "Thread-0" [_thread_in_native, id=2516, stack(0x000000f355a00000,0x000000f355b00000)]

Other Threads:
  0x000002ea436e15b0 VMThread "VM Thread" [stack: 0x000000f354600000,0x000000f354700000] [id=14524]
  0x000002ea47a4f180 WatcherThread "VM Periodic Task Thread" [stack: 0x000000f355100000,0x000000f355200000] [id=10448]
  0x000002ea2431d540 WorkerThread "GC Thread#0" [stack: 0x000000f354100000,0x000000f354200000] [id=2700]
  0x000002ea47f39ae0 WorkerThread "GC Thread#1" [stack: 0x000000f355400000,0x000000f355500000] [id=10604]
  0x000002ea47f39810 WorkerThread "GC Thread#2" [stack: 0x000000f355500000,0x000000f355600000] [id=12024]
  0x000002ea47f39db0 WorkerThread "GC Thread#3" [stack: 0x000000f355600000,0x000000f355700000] [id=2880]
  0x000002ea47f38460 WorkerThread "GC Thread#4" [stack: 0x000000f355700000,0x000000f355800000] [id=9408]
  0x000002ea47f38730 WorkerThread "GC Thread#5" [stack: 0x000000f355800000,0x000000f355900000] [id=17372]
  0x000002ea47f38a00 WorkerThread "GC Thread#6" [stack: 0x000000f355900000,0x000000f355a00000] [id=10148]
  0x000002ea2432ded0 ConcurrentGCThread "G1 Main Marker" [stack: 0x000000f354200000,0x000000f354300000] [id=11432]
  0x000002ea2432e900 WorkerThread "G1 Conc#0" [stack: 0x000000f354300000,0x000000f354400000] [id=12164]
  0x000002ea435a1540 ConcurrentGCThread "G1 Refine#0" [stack: 0x000000f354400000,0x000000f354500000] [id=17424]
  0x000002ea435a1df0 ConcurrentGCThread "G1 Service" [stack: 0x000000f354500000,0x000000f354600000] [id=11932]

Threads with active compile tasks:

VM state: not at safepoint (normal execution)

VM Mutex/Monitor currently owned by a thread: None

Heap address: 0x0000000705800000, size: 4008 MB, Compressed Oops mode: Zero based, Oop shift amount: 3

CDS archive(s) mapped at: [0x0000000800000000-0x0000000800c60000-0x0000000800c60000), size 12976128, SharedBaseAddress: 0x0000000800000000, ArchiveRelocationMode: 0.
Compressed class space mapped at: 0x0000000801000000-0x0000000841000000, reserved size: 1073741824
Narrow klass base: 0x0000000800000000, Narrow klass shift: 0, Narrow klass range: 0x100000000

GC Precious Log:
 CardTable entry size: 512
 Card Set container configuration: InlinePtr #cards 4 size 8 Array Of Cards #cards 16 size 48 Howl #buckets 8 coarsen threshold 3686 Howl Bitmap #cards 512 size 80 coarsen threshold 460 Card regions per heap region 1 cards per card region 4096
 CPUs: 8 total, 8 available
 Memory: 16026M
 Large Page Support: Disabled
 NUMA Support: Disabled
 Compressed Oops: Enabled (Zero based)
 Heap Region Size: 2M
 Heap Min Capacity: 8M
 Heap Initial Capacity: 252M
 Heap Max Capacity: 4008M
 Pre-touch: Disabled
 Parallel Workers: 8
 Concurrent Workers: 2
 Concurrent Refinement Workers: 8
 Periodic GC: Disabled

Heap:
 garbage-first heap   total 258048K, used 6984K [0x0000000705800000, 0x0000000800000000)
  region size 2048K, 4 young (8192K), 2 survivors (4096K)
 Metaspace       used 10007K, committed 10304K, reserved 1114112K
  class space    used 1206K, committed 1344K, reserved 1048576K

Heap Regions: E=young(eden), S=young(survivor), O=old, HS=humongous(starts), HC=humongous(continues), CS=collection set, F=free, OA=open archive, CA=closed archive, TAMS=top-at-mark-start, PB=parsable bottom
|   0|0x0000000705800000, 0x00000007058d2000, 0x0000000705a00000| 41%| O|  |TAMS 0x0000000705800000| PB 0x0000000705800000| Untracked 
|   1|0x0000000705a00000, 0x0000000705a00000, 0x0000000705c00000|  0%| F|  |TAMS 0x0000000705a00000| PB 0x0000000705a00000| Untracked 
|   2|0x0000000705c00000, 0x0000000705c00000, 0x0000000705e00000|  0%| F|  |TAMS 0x0000000705c00000| PB 0x0000000705c00000| Untracked 
|   3|0x0000000705e00000, 0x0000000705e00000, 0x0000000706000000|  0%| F|  |TAMS 0x0000000705e00000| PB 0x0000000705e00000| Untracked 
|   4|0x0000000706000000, 0x0000000706000000, 0x0000000706200000|  0%| F|  |TAMS 0x0000000706000000| PB 0x0000000706000000| Untracked 
|   5|0x0000000706200000, 0x0000000706200000, 0x0000000706400000|  0%| F|  |TAMS 0x0000000706200000| PB 0x0000000706200000| Untracked 
|   6|0x0000000706400000, 0x0000000706400000, 0x0000000706600000|  0%| F|  |TAMS 0x0000000706400000| PB 0x0000000706400000| Untracked 
|   7|0x0000000706600000, 0x0000000706600000, 0x0000000706800000|  0%| F|  |TAMS 0x0000000706600000| PB 0x0000000706600000| Untracked 
|   8|0x0000000706800000, 0x0000000706800000, 0x0000000706a00000|  0%| F|  |TAMS 0x0000000706800000| PB 0x0000000706800000| Untracked 
|   9|0x0000000706a00000, 0x0000000706a00000, 0x0000000706c00000|  0%| F|  |TAMS 0x0000000706a00000| PB 0x0000000706a00000| Untracked 
|  10|0x0000000706c00000, 0x0000000706c00000, 0x0000000706e00000|  0%| F|  |TAMS 0x0000000706c00000| PB 0x0000000706c00000| Untracked 
|  11|0x0000000706e00000, 0x0000000706e00000, 0x0000000707000000|  0%| F|  |TAMS 0x0000000706e00000| PB 0x0000000706e00000| Untracked 
|  12|0x0000000707000000, 0x0000000707000000, 0x0000000707200000|  0%| F|  |TAMS 0x0000000707000000| PB 0x0000000707000000| Untracked 
|  13|0x0000000707200000, 0x0000000707200000, 0x0000000707400000|  0%| F|  |TAMS 0x0000000707200000| PB 0x0000000707200000| Untracked 
|  14|0x0000000707400000, 0x0000000707400000, 0x0000000707600000|  0%| F|  |TAMS 0x0000000707400000| PB 0x0000000707400000| Untracked 
|  15|0x0000000707600000, 0x0000000707600000, 0x0000000707800000|  0%| F|  |TAMS 0x0000000707600000| PB 0x0000000707600000| Untracked 
|  16|0x0000000707800000, 0x0000000707800000, 0x0000000707a00000|  0%| F|  |TAMS 0x0000000707800000| PB 0x0000000707800000| Untracked 
|  17|0x0000000707a00000, 0x0000000707a00000, 0x0000000707c00000|  0%| F|  |TAMS 0x0000000707a00000| PB 0x0000000707a00000| Untracked 
|  18|0x0000000707c00000, 0x0000000707c00000, 0x0000000707e00000|  0%| F|  |TAMS 0x0000000707c00000| PB 0x0000000707c00000| Untracked 
|  19|0x0000000707e00000, 0x0000000707e00000, 0x0000000708000000|  0%| F|  |TAMS 0x0000000707e00000| PB 0x0000000707e00000| Untracked 
|  20|0x0000000708000000, 0x0000000708000000, 0x0000000708200000|  0%| F|  |TAMS 0x0000000708000000| PB 0x0000000708000000| Untracked 
|  21|0x0000000708200000, 0x0000000708200000, 0x0000000708400000|  0%| F|  |TAMS 0x0000000708200000| PB 0x0000000708200000| Untracked 
|  22|0x0000000708400000, 0x0000000708400000, 0x0000000708600000|  0%| F|  |TAMS 0x0000000708400000| PB 0x0000000708400000| Untracked 
|  23|0x0000000708600000, 0x0000000708600000, 0x0000000708800000|  0%| F|  |TAMS 0x0000000708600000| PB 0x0000000708600000| Untracked 
|  24|0x0000000708800000, 0x0000000708800000, 0x0000000708a00000|  0%| F|  |TAMS 0x0000000708800000| PB 0x0000000708800000| Untracked 
|  25|0x0000000708a00000, 0x0000000708a00000, 0x0000000708c00000|  0%| F|  |TAMS 0x0000000708a00000| PB 0x0000000708a00000| Untracked 
|  26|0x0000000708c00000, 0x0000000708c00000, 0x0000000708e00000|  0%| F|  |TAMS 0x0000000708c00000| PB 0x0000000708c00000| Untracked 
|  27|0x0000000708e00000, 0x0000000708e00000, 0x0000000709000000|  0%| F|  |TAMS 0x0000000708e00000| PB 0x0000000708e00000| Untracked 
|  28|0x0000000709000000, 0x0000000709000000, 0x0000000709200000|  0%| F|  |TAMS 0x0000000709000000| PB 0x0000000709000000| Untracked 
|  29|0x0000000709200000, 0x0000000709200000, 0x0000000709400000|  0%| F|  |TAMS 0x0000000709200000| PB 0x0000000709200000| Untracked 
|  30|0x0000000709400000, 0x0000000709400000, 0x0000000709600000|  0%| F|  |TAMS 0x0000000709400000| PB 0x0000000709400000| Untracked 
|  31|0x0000000709600000, 0x0000000709600000, 0x0000000709800000|  0%| F|  |TAMS 0x0000000709600000| PB 0x0000000709600000| Untracked 
|  32|0x0000000709800000, 0x0000000709800000, 0x0000000709a00000|  0%| F|  |TAMS 0x0000000709800000| PB 0x0000000709800000| Untracked 
|  33|0x0000000709a00000, 0x0000000709a00000, 0x0000000709c00000|  0%| F|  |TAMS 0x0000000709a00000| PB 0x0000000709a00000| Untracked 
|  34|0x0000000709c00000, 0x0000000709c00000, 0x0000000709e00000|  0%| F|  |TAMS 0x0000000709c00000| PB 0x0000000709c00000| Untracked 
|  35|0x0000000709e00000, 0x0000000709e00000, 0x000000070a000000|  0%| F|  |TAMS 0x0000000709e00000| PB 0x0000000709e00000| Untracked 
|  36|0x000000070a000000, 0x000000070a000000, 0x000000070a200000|  0%| F|  |TAMS 0x000000070a000000| PB 0x000000070a000000| Untracked 
|  37|0x000000070a200000, 0x000000070a200000, 0x000000070a400000|  0%| F|  |TAMS 0x000000070a200000| PB 0x000000070a200000| Untracked 
|  38|0x000000070a400000, 0x000000070a400000, 0x000000070a600000|  0%| F|  |TAMS 0x000000070a400000| PB 0x000000070a400000| Untracked 
|  39|0x000000070a600000, 0x000000070a600000, 0x000000070a800000|  0%| F|  |TAMS 0x000000070a600000| PB 0x000000070a600000| Untracked 
|  40|0x000000070a800000, 0x000000070a800000, 0x000000070aa00000|  0%| F|  |TAMS 0x000000070a800000| PB 0x000000070a800000| Untracked 
|  41|0x000000070aa00000, 0x000000070aa00000, 0x000000070ac00000|  0%| F|  |TAMS 0x000000070aa00000| PB 0x000000070aa00000| Untracked 
|  42|0x000000070ac00000, 0x000000070ac00000, 0x000000070ae00000|  0%| F|  |TAMS 0x000000070ac00000| PB 0x000000070ac00000| Untracked 
|  43|0x000000070ae00000, 0x000000070ae00000, 0x000000070b000000|  0%| F|  |TAMS 0x000000070ae00000| PB 0x000000070ae00000| Untracked 
|  44|0x000000070b000000, 0x000000070b000000, 0x000000070b200000|  0%| F|  |TAMS 0x000000070b000000| PB 0x000000070b000000| Untracked 
|  45|0x000000070b200000, 0x000000070b200000, 0x000000070b400000|  0%| F|  |TAMS 0x000000070b200000| PB 0x000000070b200000| Untracked 
|  46|0x000000070b400000, 0x000000070b400000, 0x000000070b600000|  0%| F|  |TAMS 0x000000070b400000| PB 0x000000070b400000| Untracked 
|  47|0x000000070b600000, 0x000000070b600000, 0x000000070b800000|  0%| F|  |TAMS 0x000000070b600000| PB 0x000000070b600000| Untracked 
|  48|0x000000070b800000, 0x000000070b800000, 0x000000070ba00000|  0%| F|  |TAMS 0x000000070b800000| PB 0x000000070b800000| Untracked 
|  49|0x000000070ba00000, 0x000000070ba00000, 0x000000070bc00000|  0%| F|  |TAMS 0x000000070ba00000| PB 0x000000070ba00000| Untracked 
|  50|0x000000070bc00000, 0x000000070bc00000, 0x000000070be00000|  0%| F|  |TAMS 0x000000070bc00000| PB 0x000000070bc00000| Untracked 
|  51|0x000000070be00000, 0x000000070be00000, 0x000000070c000000|  0%| F|  |TAMS 0x000000070be00000| PB 0x000000070be00000| Untracked 
|  52|0x000000070c000000, 0x000000070c000000, 0x000000070c200000|  0%| F|  |TAMS 0x000000070c000000| PB 0x000000070c000000| Untracked 
|  53|0x000000070c200000, 0x000000070c200000, 0x000000070c400000|  0%| F|  |TAMS 0x000000070c200000| PB 0x000000070c200000| Untracked 
|  54|0x000000070c400000, 0x000000070c400000, 0x000000070c600000|  0%| F|  |TAMS 0x000000070c400000| PB 0x000000070c400000| Untracked 
|  55|0x000000070c600000, 0x000000070c600000, 0x000000070c800000|  0%| F|  |TAMS 0x000000070c600000| PB 0x000000070c600000| Untracked 
|  56|0x000000070c800000, 0x000000070c800000, 0x000000070ca00000|  0%| F|  |TAMS 0x000000070c800000| PB 0x000000070c800000| Untracked 
|  57|0x000000070ca00000, 0x000000070ca00000, 0x000000070cc00000|  0%| F|  |TAMS 0x000000070ca00000| PB 0x000000070ca00000| Untracked 
|  58|0x000000070cc00000, 0x000000070cc00000, 0x000000070ce00000|  0%| F|  |TAMS 0x000000070cc00000| PB 0x000000070cc00000| Untracked 
|  59|0x000000070ce00000, 0x000000070ce00000, 0x000000070d000000|  0%| F|  |TAMS 0x000000070ce00000| PB 0x000000070ce00000| Untracked 
|  60|0x000000070d000000, 0x000000070d000000, 0x000000070d200000|  0%| F|  |TAMS 0x000000070d000000| PB 0x000000070d000000| Untracked 
|  61|0x000000070d200000, 0x000000070d200000, 0x000000070d400000|  0%| F|  |TAMS 0x000000070d200000| PB 0x000000070d200000| Untracked 
|  62|0x000000070d400000, 0x000000070d400000, 0x000000070d600000|  0%| F|  |TAMS 0x000000070d400000| PB 0x000000070d400000| Untracked 
|  63|0x000000070d600000, 0x000000070d600000, 0x000000070d800000|  0%| F|  |TAMS 0x000000070d600000| PB 0x000000070d600000| Untracked 
|  64|0x000000070d800000, 0x000000070d800000, 0x000000070da00000|  0%| F|  |TAMS 0x000000070d800000| PB 0x000000070d800000| Untracked 
|  65|0x000000070da00000, 0x000000070da00000, 0x000000070dc00000|  0%| F|  |TAMS 0x000000070da00000| PB 0x000000070da00000| Untracked 
|  66|0x000000070dc00000, 0x000000070dc00000, 0x000000070de00000|  0%| F|  |TAMS 0x000000070dc00000| PB 0x000000070dc00000| Untracked 
|  67|0x000000070de00000, 0x000000070de00000, 0x000000070e000000|  0%| F|  |TAMS 0x000000070de00000| PB 0x000000070de00000| Untracked 
|  68|0x000000070e000000, 0x000000070e000000, 0x000000070e200000|  0%| F|  |TAMS 0x000000070e000000| PB 0x000000070e000000| Untracked 
|  69|0x000000070e200000, 0x000000070e200000, 0x000000070e400000|  0%| F|  |TAMS 0x000000070e200000| PB 0x000000070e200000| Untracked 
|  70|0x000000070e400000, 0x000000070e400000, 0x000000070e600000|  0%| F|  |TAMS 0x000000070e400000| PB 0x000000070e400000| Untracked 
|  71|0x000000070e600000, 0x000000070e600000, 0x000000070e800000|  0%| F|  |TAMS 0x000000070e600000| PB 0x000000070e600000| Untracked 
|  72|0x000000070e800000, 0x000000070e800000, 0x000000070ea00000|  0%| F|  |TAMS 0x000000070e800000| PB 0x000000070e800000| Untracked 
|  73|0x000000070ea00000, 0x000000070ea00000, 0x000000070ec00000|  0%| F|  |TAMS 0x000000070ea00000| PB 0x000000070ea00000| Untracked 
|  74|0x000000070ec00000, 0x000000070ec00000, 0x000000070ee00000|  0%| F|  |TAMS 0x000000070ec00000| PB 0x000000070ec00000| Untracked 
|  75|0x000000070ee00000, 0x000000070ee00000, 0x000000070f000000|  0%| F|  |TAMS 0x000000070ee00000| PB 0x000000070ee00000| Untracked 
|  76|0x000000070f000000, 0x000000070f000000, 0x000000070f200000|  0%| F|  |TAMS 0x000000070f000000| PB 0x000000070f000000| Untracked 
|  77|0x000000070f200000, 0x000000070f200000, 0x000000070f400000|  0%| F|  |TAMS 0x000000070f200000| PB 0x000000070f200000| Untracked 
|  78|0x000000070f400000, 0x000000070f400000, 0x000000070f600000|  0%| F|  |TAMS 0x000000070f400000| PB 0x000000070f400000| Untracked 
|  79|0x000000070f600000, 0x000000070f600000, 0x000000070f800000|  0%| F|  |TAMS 0x000000070f600000| PB 0x000000070f600000| Untracked 
|  80|0x000000070f800000, 0x000000070f800000, 0x000000070fa00000|  0%| F|  |TAMS 0x000000070f800000| PB 0x000000070f800000| Untracked 
|  81|0x000000070fa00000, 0x000000070fa00000, 0x000000070fc00000|  0%| F|  |TAMS 0x000000070fa00000| PB 0x000000070fa00000| Untracked 
|  82|0x000000070fc00000, 0x000000070fc00000, 0x000000070fe00000|  0%| F|  |TAMS 0x000000070fc00000| PB 0x000000070fc00000| Untracked 
|  83|0x000000070fe00000, 0x000000070fe00000, 0x0000000710000000|  0%| F|  |TAMS 0x000000070fe00000| PB 0x000000070fe00000| Untracked 
|  84|0x0000000710000000, 0x0000000710000000, 0x0000000710200000|  0%| F|  |TAMS 0x0000000710000000| PB 0x0000000710000000| Untracked 
|  85|0x0000000710200000, 0x0000000710200000, 0x0000000710400000|  0%| F|  |TAMS 0x0000000710200000| PB 0x0000000710200000| Untracked 
|  86|0x0000000710400000, 0x0000000710400000, 0x0000000710600000|  0%| F|  |TAMS 0x0000000710400000| PB 0x0000000710400000| Untracked 
|  87|0x0000000710600000, 0x0000000710600000, 0x0000000710800000|  0%| F|  |TAMS 0x0000000710600000| PB 0x0000000710600000| Untracked 
|  88|0x0000000710800000, 0x0000000710800000, 0x0000000710a00000|  0%| F|  |TAMS 0x0000000710800000| PB 0x0000000710800000| Untracked 
|  89|0x0000000710a00000, 0x0000000710a00000, 0x0000000710c00000|  0%| F|  |TAMS 0x0000000710a00000| PB 0x0000000710a00000| Untracked 
|  90|0x0000000710c00000, 0x0000000710c00000, 0x0000000710e00000|  0%| F|  |TAMS 0x0000000710c00000| PB 0x0000000710c00000| Untracked 
|  91|0x0000000710e00000, 0x0000000710e00000, 0x0000000711000000|  0%| F|  |TAMS 0x0000000710e00000| PB 0x0000000710e00000| Untracked 
|  92|0x0000000711000000, 0x0000000711000000, 0x0000000711200000|  0%| F|  |TAMS 0x0000000711000000| PB 0x0000000711000000| Untracked 
|  93|0x0000000711200000, 0x0000000711200000, 0x0000000711400000|  0%| F|  |TAMS 0x0000000711200000| PB 0x0000000711200000| Untracked 
|  94|0x0000000711400000, 0x0000000711400000, 0x0000000711600000|  0%| F|  |TAMS 0x0000000711400000| PB 0x0000000711400000| Untracked 
|  95|0x0000000711600000, 0x0000000711600000, 0x0000000711800000|  0%| F|  |TAMS 0x0000000711600000| PB 0x0000000711600000| Untracked 
|  96|0x0000000711800000, 0x0000000711800000, 0x0000000711a00000|  0%| F|  |TAMS 0x0000000711800000| PB 0x0000000711800000| Untracked 
|  97|0x0000000711a00000, 0x0000000711a00000, 0x0000000711c00000|  0%| F|  |TAMS 0x0000000711a00000| PB 0x0000000711a00000| Untracked 
|  98|0x0000000711c00000, 0x0000000711c00000, 0x0000000711e00000|  0%| F|  |TAMS 0x0000000711c00000| PB 0x0000000711c00000| Untracked 
|  99|0x0000000711e00000, 0x0000000711e00000, 0x0000000712000000|  0%| F|  |TAMS 0x0000000711e00000| PB 0x0000000711e00000| Untracked 
| 100|0x0000000712000000, 0x0000000712000000, 0x0000000712200000|  0%| F|  |TAMS 0x0000000712000000| PB 0x0000000712000000| Untracked 
| 101|0x0000000712200000, 0x0000000712200000, 0x0000000712400000|  0%| F|  |TAMS 0x0000000712200000| PB 0x0000000712200000| Untracked 
| 102|0x0000000712400000, 0x0000000712400000, 0x0000000712600000|  0%| F|  |TAMS 0x0000000712400000| PB 0x0000000712400000| Untracked 
| 103|0x0000000712600000, 0x0000000712600000, 0x0000000712800000|  0%| F|  |TAMS 0x0000000712600000| PB 0x0000000712600000| Untracked 
| 104|0x0000000712800000, 0x0000000712800000, 0x0000000712a00000|  0%| F|  |TAMS 0x0000000712800000| PB 0x0000000712800000| Untracked 
| 105|0x0000000712a00000, 0x0000000712a00000, 0x0000000712c00000|  0%| F|  |TAMS 0x0000000712a00000| PB 0x0000000712a00000| Untracked 
| 106|0x0000000712c00000, 0x0000000712c00000, 0x0000000712e00000|  0%| F|  |TAMS 0x0000000712c00000| PB 0x0000000712c00000| Untracked 
| 107|0x0000000712e00000, 0x0000000712e00000, 0x0000000713000000|  0%| F|  |TAMS 0x0000000712e00000| PB 0x0000000712e00000| Untracked 
| 108|0x0000000713000000, 0x0000000713000000, 0x0000000713200000|  0%| F|  |TAMS 0x0000000713000000| PB 0x0000000713000000| Untracked 
| 109|0x0000000713200000, 0x0000000713200000, 0x0000000713400000|  0%| F|  |TAMS 0x0000000713200000| PB 0x0000000713200000| Untracked 
| 110|0x0000000713400000, 0x0000000713400000, 0x0000000713600000|  0%| F|  |TAMS 0x0000000713400000| PB 0x0000000713400000| Untracked 
| 111|0x0000000713600000, 0x0000000713600000, 0x0000000713800000|  0%| F|  |TAMS 0x0000000713600000| PB 0x0000000713600000| Untracked 
| 112|0x0000000713800000, 0x0000000713800000, 0x0000000713a00000|  0%| F|  |TAMS 0x0000000713800000| PB 0x0000000713800000| Untracked 
| 113|0x0000000713a00000, 0x0000000713c00000, 0x0000000713c00000|100%| S|CS|TAMS 0x0000000713a00000| PB 0x0000000713a00000| Complete 
| 114|0x0000000713c00000, 0x0000000713e00000, 0x0000000713e00000|100%| S|CS|TAMS 0x0000000713c00000| PB 0x0000000713c00000| Complete 
| 115|0x0000000713e00000, 0x0000000713e00000, 0x0000000714000000|  0%| F|  |TAMS 0x0000000713e00000| PB 0x0000000713e00000| Untracked 
| 116|0x0000000714000000, 0x0000000714000000, 0x0000000714200000|  0%| F|  |TAMS 0x0000000714000000| PB 0x0000000714000000| Untracked 
| 117|0x0000000714200000, 0x0000000714200000, 0x0000000714400000|  0%| F|  |TAMS 0x0000000714200000| PB 0x0000000714200000| Untracked 
| 118|0x0000000714400000, 0x0000000714400000, 0x0000000714600000|  0%| F|  |TAMS 0x0000000714400000| PB 0x0000000714400000| Untracked 
| 119|0x0000000714600000, 0x0000000714600000, 0x0000000714800000|  0%| F|  |TAMS 0x0000000714600000| PB 0x0000000714600000| Untracked 
| 120|0x0000000714800000, 0x0000000714800000, 0x0000000714a00000|  0%| F|  |TAMS 0x0000000714800000| PB 0x0000000714800000| Untracked 
| 121|0x0000000714a00000, 0x0000000714a00000, 0x0000000714c00000|  0%| F|  |TAMS 0x0000000714a00000| PB 0x0000000714a00000| Untracked 
| 122|0x0000000714c00000, 0x0000000714c00000, 0x0000000714e00000|  0%| F|  |TAMS 0x0000000714c00000| PB 0x0000000714c00000| Untracked 
| 123|0x0000000714e00000, 0x0000000714e00000, 0x0000000715000000|  0%| F|  |TAMS 0x0000000714e00000| PB 0x0000000714e00000| Untracked 
| 124|0x0000000715000000, 0x00000007151c53b0, 0x0000000715200000| 88%| E|  |TAMS 0x0000000715000000| PB 0x0000000715000000| Complete 
| 125|0x0000000715200000, 0x0000000715400000, 0x0000000715400000|100%| E|CS|TAMS 0x0000000715200000| PB 0x0000000715200000| Complete 

Card table byte_map: [0x000002ea3be80000,0x000002ea3c660000] _byte_map_base: 0x000002ea38654000

Marking Bits: (CMBitMap*) 0x000002ea2431db70
 Bits: [0x000002ea3ce40000, 0x000002ea40ce0000)

Polling page: 0x000002ea22200000

Metaspace:

Usage:
  Non-class:      8.60 MB used.
      Class:      1.18 MB used.
       Both:      9.77 MB used.

Virtual space:
  Non-class space:       64.00 MB reserved,       8.75 MB ( 14%) committed,  1 nodes.
      Class space:        1.00 GB reserved,       1.31 MB ( <1%) committed,  1 nodes.
             Both:        1.06 GB reserved,      10.06 MB ( <1%) committed. 

Chunk freelists:
   Non-Class:  1.12 MB
       Class:  2.66 MB
        Both:  3.78 MB

MaxMetaspaceSize: unlimited
CompressedClassSpaceSize: 1.00 GB
Initial GC threshold: 21.00 MB
Current GC threshold: 21.00 MB
CDS: on
MetaspaceReclaimPolicy: balanced
 - commit_granule_bytes: 65536.
 - commit_granule_words: 8192.
 - virtual_space_node_default_size: 8388608.
 - enlarge_chunks_in_place: 1.
 - new_chunks_are_fully_committed: 0.
 - uncommit_free_chunks: 1.
 - use_allocation_guard: 0.


Internal statistics:

num_allocs_failed_limit: 0.
num_arena_births: 226.
num_arena_deaths: 0.
num_vsnodes_births: 2.
num_vsnodes_deaths: 0.
num_space_committed: 161.
num_space_uncommitted: 0.
num_chunks_returned_to_freelist: 0.
num_chunks_taken_from_freelist: 569.
num_chunk_merges: 0.
num_chunk_splits: 398.
num_chunks_enlarged: 289.
num_inconsistent_stats: 0.

CodeHeap 'non-profiled nmethods': size=120000Kb used=509Kb max_used=509Kb free=119490Kb
 bounds [0x000002ea33e40000, 0x000002ea340b0000, 0x000002ea3b370000]
CodeHeap 'profiled nmethods': size=120000Kb used=2375Kb max_used=2375Kb free=117624Kb
 bounds [0x000002ea2c370000, 0x000002ea2c5e0000, 0x000002ea338a0000]
CodeHeap 'non-nmethods': size=5760Kb used=1537Kb max_used=1572Kb free=4222Kb
 bounds [0x000002ea338a0000, 0x000002ea33b10000, 0x000002ea33e40000]
 total_blobs=1863 nmethods=1397 adapters=376
 compilation: enabled
              stopped_count=0, restarted_count=0
 full_count=0

Compilation events (20 events):
Event: 0.537 Thread 0x000002ea4370e130 1386       3       java.util.concurrent.locks.AbstractQueuedSynchronizer::compareAndSetState (13 bytes)
Event: 0.537 Thread 0x000002ea4370e130 nmethod 1386 0x000002ea2c5bec90 code [0x000002ea2c5bee20, 0x000002ea2c5bef48]
Event: 0.537 Thread 0x000002ea4370e130 1387       3       java.util.concurrent.locks.ReentrantLock::lock (8 bytes)
Event: 0.537 Thread 0x000002ea4370e130 nmethod 1387 0x000002ea2c5bf010 code [0x000002ea2c5bf1c0, 0x000002ea2c5bf470]
Event: 0.537 Thread 0x000002ea4370e130 1388       3       java.util.concurrent.locks.ReentrantLock$Sync::lock (13 bytes)
Event: 0.537 Thread 0x000002ea4370e130 nmethod 1388 0x000002ea2c5bf590 code [0x000002ea2c5bf740, 0x000002ea2c5bf980]
Event: 0.537 Thread 0x000002ea4370e130 1389       3       java.util.concurrent.locks.ReentrantLock$NonfairSync::initialTryLock (58 bytes)
Event: 0.537 Thread 0x000002ea4370e130 nmethod 1389 0x000002ea2c5bfa10 code [0x000002ea2c5bfbe0, 0x000002ea2c5bffe0]
Event: 0.537 Thread 0x000002ea4370e130 1382       3       java.lang.invoke.LambdaFormBuffer::ownedCount (7 bytes)
Event: 0.537 Thread 0x000002ea4370e130 nmethod 1382 0x000002ea2c5c0110 code [0x000002ea2c5c02a0, 0x000002ea2c5c03b0]
Event: 0.540 Thread 0x000002ea43710c50 nmethod 1392 0x000002ea33eb6290 code [0x000002ea33eb6460, 0x000002ea33eb6788]
Event: 0.540 Thread 0x000002ea43710c50 1393 %     4       HelloWorldJNI::main @ 72 (97 bytes)
Event: 0.541 Thread 0x000002ea43710c50 nmethod 1393% 0x000002ea33eb6b10 code [0x000002ea33eb6c80, 0x000002ea33eb6d18]
Event: 0.580 Thread 0x000002ea47eebc30 nmethod 1278 0x000002ea33eb6e10 code [0x000002ea33eb71e0, 0x000002ea33ebc4b0]
Event: 1.842 Thread 0x000002ea4370e130 1394 %     3       HelloWorldJNI::main @ 72 (97 bytes)
Event: 1.843 Thread 0x000002ea4370e130 nmethod 1394% 0x000002ea2c5c0410 code [0x000002ea2c5c06c0, 0x000002ea2c5c12c0]
Event: 1.843 Thread 0x000002ea43710c50 1395 %     4       HelloWorldJNI::main @ 72 (97 bytes)
Event: 1.844 Thread 0x000002ea43710c50 nmethod 1395% 0x000002ea33ebeb10 code [0x000002ea33ebeca0, 0x000002ea33ebeda8]
Event: 3.141 Thread 0x000002ea4370e130 1396       3       java.lang.String::checkBoundsOffCount (10 bytes)
Event: 3.141 Thread 0x000002ea4370e130 nmethod 1396 0x000002ea2c5c1790 code [0x000002ea2c5c1920, 0x000002ea2c5c1b38]

GC Heap History (2 events):
Event: 0.465 GC heap before
{Heap before GC invocations=0 (full 0):
 garbage-first heap   total 258048K, used 22528K [0x0000000705800000, 0x0000000800000000)
  region size 2048K, 11 young (22528K), 0 survivors (0K)
 Metaspace       used 9620K, committed 9920K, reserved 1114112K
  class space    used 1139K, committed 1280K, reserved 1048576K
}
Event: 0.470 GC heap after
{Heap after GC invocations=1 (full 0):
 garbage-first heap   total 258048K, used 4936K [0x0000000705800000, 0x0000000800000000)
  region size 2048K, 2 young (4096K), 2 survivors (4096K)
 Metaspace       used 9620K, committed 9920K, reserved 1114112K
  class space    used 1139K, committed 1280K, reserved 1048576K
}

Dll operation events (6 events):
Event: 0.006 Loaded shared library C:\Program Files\Java\jdk-20\bin\java.dll
Event: 0.014 Loaded shared library C:\Program Files\Java\jdk-20\bin\jsvml.dll
Event: 0.053 Loaded shared library C:\Program Files\Java\jdk-20\bin\jimage.dll
Event: 0.060 Loaded shared library C:\Program Files\Java\jdk-20\bin\net.dll
Event: 0.061 Loaded shared library C:\Program Files\Java\jdk-20\bin\nio.dll
Event: 0.519 Loaded shared library D:\Study\Java Optimization\Lab 3\src\native.dll

Deoptimization events (20 events):
Event: 0.498 Thread 0x000002ea242b0220 Uncommon trap: trap_request=0xffffff45 fr.pc=0x000002ea33e87324 relative=0x0000000000000504
Event: 0.498 Thread 0x000002ea242b0220 Uncommon trap: reason=unstable_if action=reinterpret pc=0x000002ea33e87324 method=java.lang.StringLatin1.newString([BII)Ljava/lang/String; @ 1 c2
Event: 0.498 Thread 0x000002ea242b0220 DEOPT PACKING pc=0x000002ea33e87324 sp=0x000000f3540ff1f0
Event: 0.498 Thread 0x000002ea242b0220 DEOPT UNPACKING pc=0x000002ea338bd2a2 sp=0x000000f3540ff150 mode 2
Event: 0.519 Thread 0x000002ea242b0220 Uncommon trap: trap_request=0xffffff45 fr.pc=0x000002ea33e960b0 relative=0x0000000000000310
Event: 0.519 Thread 0x000002ea242b0220 Uncommon trap: reason=unstable_if action=reinterpret pc=0x000002ea33e960b0 method=java.lang.StringLatin1.indexOf([BI[BII)I @ 27 c2
Event: 0.519 Thread 0x000002ea242b0220 DEOPT PACKING pc=0x000002ea33e960b0 sp=0x000000f3540fe2a0
Event: 0.519 Thread 0x000002ea242b0220 DEOPT UNPACKING pc=0x000002ea338bd2a2 sp=0x000000f3540fe200 mode 2
Event: 0.537 Thread 0x000002ea242b0220 DEOPT PACKING pc=0x000002ea2c5bc0e6 sp=0x000000f3540ff2f0
Event: 0.537 Thread 0x000002ea242b0220 DEOPT UNPACKING pc=0x000002ea3390e462 sp=0x000000f3540fe818 mode 0
Event: 0.537 Thread 0x000002ea242b0220 Uncommon trap: trap_request=0xffffff6e fr.pc=0x000002ea33eb617c relative=0x000000000000007c
Event: 0.537 Thread 0x000002ea242b0220 Uncommon trap: reason=loop_limit_check action=maybe_recompile pc=0x000002ea33eb617c method=HelloWorldJNI.main([Ljava/lang/String;)V @ 72 c2
Event: 0.537 Thread 0x000002ea242b0220 DEOPT PACKING pc=0x000002ea33eb617c sp=0x000000f3540ff380
Event: 0.537 Thread 0x000002ea242b0220 DEOPT UNPACKING pc=0x000002ea338bd2a2 sp=0x000000f3540ff328 mode 2
Event: 1.842 Thread 0x000002ea242b0220 Uncommon trap: trap_request=0xffffff45 fr.pc=0x000002ea33eb6cf0 relative=0x0000000000000070
Event: 1.842 Thread 0x000002ea242b0220 Uncommon trap: reason=unstable_if action=reinterpret pc=0x000002ea33eb6cf0 method=HelloWorldJNI.main([Ljava/lang/String;)V @ 76 c2
Event: 1.842 Thread 0x000002ea242b0220 DEOPT PACKING pc=0x000002ea33eb6cf0 sp=0x000000f3540ff380
Event: 1.842 Thread 0x000002ea242b0220 DEOPT UNPACKING pc=0x000002ea338bd2a2 sp=0x000000f3540ff318 mode 2
Event: 1.844 Thread 0x000002ea242b0220 DEOPT PACKING pc=0x000002ea2c5c11c6 sp=0x000000f3540ff2f0
Event: 1.846 Thread 0x000002ea242b0220 DEOPT UNPACKING pc=0x000002ea3390e462 sp=0x000000f3540fe818 mode 0

Classes loaded (20 events):
Event: 0.487 Loading class java/util/EnumMap$EntryIterator
Event: 0.487 Loading class java/util/EnumMap$EnumMapIterator
Event: 0.487 Loading class java/util/EnumMap$EnumMapIterator done
Event: 0.487 Loading class java/util/EnumMap$EntryIterator done
Event: 0.488 Loading class java/util/EnumMap$EntryIterator$Entry
Event: 0.488 Loading class java/util/EnumMap$EntryIterator$Entry done
Event: 0.497 Loading class java/util/EnumMap$Values
Event: 0.497 Loading class java/util/EnumMap$Values done
Event: 0.497 Loading class java/util/EnumMap$ValueIterator
Event: 0.497 Loading class java/util/EnumMap$ValueIterator done
Event: 0.497 Loading class java/util/WeakHashMap$KeyIterator
Event: 0.497 Loading class java/util/WeakHashMap$HashIterator
Event: 0.497 Loading class java/util/WeakHashMap$HashIterator done
Event: 0.497 Loading class java/util/WeakHashMap$KeyIterator done
Event: 0.519 Loading class jdk/internal/loader/NativeLibraries$Unloader
Event: 0.519 Loading class jdk/internal/loader/NativeLibraries$Unloader done
Event: 0.519 Loading class jdk/internal/loader/URLClassPath$FileLoader$1
Event: 0.519 Loading class jdk/internal/loader/URLClassPath$FileLoader$1 done
Event: 0.531 Loading class java/lang/Thread$ThreadNumbering
Event: 0.531 Loading class java/lang/Thread$ThreadNumbering done

Classes unloaded (0 events):
No events

Classes redefined (0 events):
No events

Internal exceptions (20 events):
Event: 0.338 Thread 0x000002ea242b0220 Exception <a 'java/lang/NoSuchMethodError'{0x00000007149eb3e8}: 'int java.lang.invoke.DirectMethodHandle$Holder.invokeSpecial(java.lang.Object, java.lang.Object, java.lang.Object)'> (0x00000007149eb3e8) 
thrown [s\open\src\hotspot\share\interpreter\linkResolver.cpp, line 773]
Event: 0.344 Thread 0x000002ea242b0220 Exception <a 'java/lang/NoSuchMethodError'{0x0000000714614b48}: 'java.lang.Object java.lang.invoke.DirectMethodHandle$Holder.invokeInterface(java.lang.Object, java.lang.Object)'> (0x0000000714614b48) 
thrown [s\open\src\hotspot\share\interpreter\linkResolver.cpp, line 773]
Event: 0.404 Thread 0x000002ea242b0220 Exception <a 'java/lang/NoSuchMethodError'{0x0000000714204a00}: 'int java.lang.invoke.DirectMethodHandle$Holder.invokeStatic(java.lang.Object, java.lang.Object, java.lang.Object, java.lang.Object)'> (0x0000000714204a00) 
thrown [s\open\src\hotspot\share\interpreter\linkResolver.cpp, line 773]
Event: 0.412 Thread 0x000002ea242b0220 Exception <a 'java/lang/NoSuchMethodError'{0x000000071423c388}: 'void java.lang.invoke.DirectMethodHandle$Holder.invokeVirtual(java.lang.Object, java.lang.Object)'> (0x000000071423c388) 
thrown [s\open\src\hotspot\share\interpreter\linkResolver.cpp, line 773]
Event: 0.421 Thread 0x000002ea242b0220 Implicit null exception at 0x000002ea33e8011b to 0x000002ea33e80358
Event: 0.421 Thread 0x000002ea242b0220 Implicit null exception at 0x000002ea33e81299 to 0x000002ea33e814cc
Event: 0.429 Thread 0x000002ea242b0220 Exception <a 'java/lang/NoSuchMethodError'{0x0000000714322a98}: 'java.lang.Object java.lang.invoke.DirectMethodHandle$Holder.invokeStaticInit(java.lang.Object, java.lang.Object, java.lang.Object, java.lang.Object, java.lang.Object, java.lang.Object, java.lang.Object)'> (0x0000000714322a98) 
thrown [s\open\src\hotspot\share\interpreter\linkResolver.cpp, line 773]
Event: 0.430 Thread 0x000002ea242b0220 Exception <a 'java/lang/NoSuchMethodError'{0x000000071432b808}: 'java.lang.Object java.lang.invoke.Invokers$Holder.invoke_MT(java.lang.Object, java.lang.Object, java.lang.Object, java.lang.Object, java.lang.Object, java.lang.Object, java.lang.Object, java.lang.Object, java.lang.Object, java.lang.Object)'> (0x000000071432b808) 
thrown [s\open\src\hotspot\share\interpreter\linkResolver.cpp, line 773]
Event: 0.431 Thread 0x000002ea242b0220 Exception <a 'java/lang/NoSuchMethodError'{0x0000000714331870}: 'java.lang.Object java.lang.invoke.DirectMethodHandle$Holder.invokeStatic(java.lang.Object, java.lang.Object, int)'> (0x0000000714331870) 
thrown [s\open\src\hotspot\share\interpreter\linkResolver.cpp, line 773]
Event: 0.434 Thread 0x000002ea242b0220 Exception <a 'java/lang/NoSuchMethodError'{0x0000000714346de8}: 'void java.lang.invoke.DelegatingMethodHandle$Holder.delegate(java.lang.Object, java.lang.Object, int, java.lang.Object)'> (0x0000000714346de8) 
thrown [s\open\src\hotspot\share\interpreter\linkResolver.cpp, line 773]
Event: 0.438 Thread 0x000002ea242b0220 Exception <a 'java/lang/NoSuchMethodError'{0x0000000714367b70}: 'int java.lang.invoke.DirectMethodHandle$Holder.invokeStaticInit(java.lang.Object, java.lang.Object, java.lang.Object)'> (0x0000000714367b70) 
thrown [s\open\src\hotspot\share\interpreter\linkResolver.cpp, line 773]
Event: 0.439 Thread 0x000002ea242b0220 Exception <a 'java/lang/NoSuchMethodError'{0x000000071436b438}: 'int java.lang.invoke.DirectMethodHandle$Holder.invokeStaticInit(java.lang.Object, int, int)'> (0x000000071436b438) 
thrown [s\open\src\hotspot\share\interpreter\linkResolver.cpp, line 773]
Event: 0.440 Thread 0x000002ea242b0220 Exception <a 'java/lang/NoSuchMethodError'{0x0000000714372aa8}: 'int java.lang.invoke.DirectMethodHandle$Holder.invokeStaticInit(java.lang.Object, long, long)'> (0x0000000714372aa8) 
thrown [s\open\src\hotspot\share\interpreter\linkResolver.cpp, line 773]
Event: 0.441 Thread 0x000002ea242b0220 Exception <a 'java/lang/NoSuchMethodError'{0x0000000714379670}: 'int java.lang.invoke.DirectMethodHandle$Holder.invokeStaticInit(java.lang.Object, float, float)'> (0x0000000714379670) 
thrown [s\open\src\hotspot\share\interpreter\linkResolver.cpp, line 773]
Event: 0.442 Thread 0x000002ea242b0220 Exception <a 'java/lang/NoSuchMethodError'{0x0000000714380230}: 'int java.lang.invoke.DirectMethodHandle$Holder.invokeStaticInit(java.lang.Object, double, double)'> (0x0000000714380230) 
thrown [s\open\src\hotspot\share\interpreter\linkResolver.cpp, line 773]
Event: 0.443 Thread 0x000002ea242b0220 Exception <a 'java/lang/NoSuchMethodError'{0x00000007143849a8}: 'int java.lang.invoke.DirectMethodHandle$Holder.invokeStatic(java.lang.Object, long)'> (0x00000007143849a8) 
thrown [s\open\src\hotspot\share\interpreter\linkResolver.cpp, line 773]
Event: 0.446 Thread 0x000002ea242b0220 Exception <a 'java/lang/NoSuchMethodError'{0x00000007143a6a10}: 'int java.lang.invoke.Invokers$Holder.linkToTargetMethod(java.lang.Object, java.lang.Object)'> (0x00000007143a6a10) 
thrown [s\open\src\hotspot\share\interpreter\linkResolver.cpp, line 773]
Event: 0.481 Thread 0x000002ea242b0220 Exception <a 'java/lang/NoSuchMethodError'{0x000000071500a6c0}: 'int java.lang.invoke.DirectMethodHandle$Holder.invokeVirtual(java.lang.Object, java.lang.Object, java.lang.Object, java.lang.Object)'> (0x000000071500a6c0) 
thrown [s\open\src\hotspot\share\interpreter\linkResolver.cpp, line 773]
Event: 0.482 Thread 0x000002ea242b0220 Exception <a 'java/lang/NoSuchMethodError'{0x00000007150151c0}: 'java.lang.Object java.lang.invoke.DirectMethodHandle$Holder.newInvokeSpecial(java.lang.Object, java.lang.Object, int, java.lang.Object)'> (0x00000007150151c0) 
thrown [s\open\src\hotspot\share\interpreter\linkResolver.cpp, line 773]
Event: 0.482 Thread 0x000002ea242b0220 Exception <a 'java/lang/NoSuchMethodError'{0x0000000715019308}: 'java.lang.Object java.lang.invoke.DirectMethodHandle$Holder.invokeSpecial(java.lang.Object, java.lang.Object, java.lang.Object, int, java.lang.Object)'> (0x0000000715019308) 
thrown [s\open\src\hotspot\share\interpreter\linkResolver.cpp, line 773]

VM Operations (16 events):
Event: 0.043 Executing VM operation: HandshakeAllThreads
Event: 0.043 Executing VM operation: HandshakeAllThreads done
Event: 0.122 Executing VM operation: HandshakeAllThreads
Event: 0.122 Executing VM operation: HandshakeAllThreads done
Event: 0.246 Executing VM operation: HandshakeAllThreads
Event: 0.246 Executing VM operation: HandshakeAllThreads done
Event: 0.251 Executing VM operation: HandshakeAllThreads
Event: 0.251 Executing VM operation: HandshakeAllThreads done
Event: 0.296 Executing VM operation: HandshakeAllThreads
Event: 0.296 Executing VM operation: HandshakeAllThreads done
Event: 0.386 Executing VM operation: ICBufferFull
Event: 0.386 Executing VM operation: ICBufferFull done
Event: 0.464 Executing VM operation: G1CollectForAllocation
Event: 0.470 Executing VM operation: G1CollectForAllocation done
Event: 2.468 Executing VM operation: Cleanup
Event: 2.468 Executing VM operation: Cleanup done

Events (16 events):
Event: 0.014 Thread 0x000002ea242b0220 Thread added: 0x000002ea242b0220
Event: 0.025 Thread 0x000002ea43701890 Thread added: 0x000002ea43701890
Event: 0.025 Thread 0x000002ea43702690 Thread added: 0x000002ea43702690
Event: 0.025 Thread 0x000002ea43704330 Thread added: 0x000002ea43704330
Event: 0.025 Thread 0x000002ea4370a630 Thread added: 0x000002ea4370a630
Event: 0.025 Thread 0x000002ea4370b060 Thread added: 0x000002ea4370b060
Event: 0.025 Thread 0x000002ea4370d480 Thread added: 0x000002ea4370d480
Event: 0.025 Thread 0x000002ea43710c50 Thread added: 0x000002ea43710c50
Event: 0.025 Thread 0x000002ea4370e130 Thread added: 0x000002ea4370e130
Event: 0.039 Thread 0x000002ea47996780 Thread added: 0x000002ea47996780
Event: 0.051 Thread 0x000002ea47a4e420 Thread added: 0x000002ea47a4e420
Event: 0.273 Thread 0x000002ea47f061b0 Thread added: 0x000002ea47f061b0
Event: 0.302 Thread 0x000002ea47eebc30 Thread added: 0x000002ea47eebc30
Event: 0.532 Thread 0x000002ea4866ff90 Thread added: 0x000002ea4866ff90
Event: 1.843 Thread 0x000002ea47f061b0 Thread exited: 0x000002ea47f061b0
Event: 1.843 Thread 0x000002ea47eebc30 Thread exited: 0x000002ea47eebc30


Dynamic libraries:
0x00007ff64ef60000 - 0x00007ff64ef70000 	C:\Program Files\Java\jdk-20\bin\java.exe
0x00007ffe25010000 - 0x00007ffe25205000 	C:\WINDOWS\SYSTEM32\ntdll.dll
0x00007ffe242c0000 - 0x00007ffe2437d000 	C:\WINDOWS\System32\KERNEL32.DLL
0x00007ffe228b0000 - 0x00007ffe22b7d000 	C:\WINDOWS\System32\KERNELBASE.dll
0x00007ffe227b0000 - 0x00007ffe228b0000 	C:\WINDOWS\System32\ucrtbase.dll
0x00007ffe1b2e0000 - 0x00007ffe1b2f9000 	C:\Program Files\Java\jdk-20\bin\jli.dll
0x00007ffe0bd30000 - 0x00007ffe0bd4b000 	C:\Program Files\Java\jdk-20\bin\VCRUNTIME140.dll
0x00007ffe23930000 - 0x00007ffe239de000 	C:\WINDOWS\System32\ADVAPI32.dll
0x00007ffe236a0000 - 0x00007ffe2373e000 	C:\WINDOWS\System32\msvcrt.dll
0x00007ffe231f0000 - 0x00007ffe2328c000 	C:\WINDOWS\System32\sechost.dll
0x00007ffe23800000 - 0x00007ffe23925000 	C:\WINDOWS\System32\RPCRT4.dll
0x00007ffe24380000 - 0x00007ffe24520000 	C:\WINDOWS\System32\USER32.dll
0x00007ffe226f0000 - 0x00007ffe22712000 	C:\WINDOWS\System32\win32u.dll
0x00007ffdffb70000 - 0x00007ffdffe0a000 	C:\WINDOWS\WinSxS\amd64_microsoft.windows.common-controls_6595b64144ccf1df_6.0.19041.1110_none_60b5254171f9507e\COMCTL32.dll
0x00007ffe23740000 - 0x00007ffe2376a000 	C:\WINDOWS\System32\GDI32.dll
0x00007ffe22d70000 - 0x00007ffe22e7b000 	C:\WINDOWS\System32\gdi32full.dll
0x00007ffe22c30000 - 0x00007ffe22ccd000 	C:\WINDOWS\System32\msvcp_win.dll
0x00007ffe187f0000 - 0x00007ffe187fa000 	C:\WINDOWS\SYSTEM32\VERSION.dll
0x00007ffe23ad0000 - 0x00007ffe23b00000 	C:\WINDOWS\System32\IMM32.DLL
0x00007ffe0bd20000 - 0x00007ffe0bd2c000 	C:\Program Files\Java\jdk-20\bin\vcruntime140_1.dll
0x00007ffe01450000 - 0x00007ffe014de000 	C:\Program Files\Java\jdk-20\bin\msvcp140.dll
0x00007ffda3310000 - 0x00007ffda3fa7000 	C:\Program Files\Java\jdk-20\bin\server\jvm.dll
0x00007ffe026a0000 - 0x00007ffe026c7000 	C:\WINDOWS\SYSTEM32\WINMM.dll
0x00007ffe1f820000 - 0x00007ffe1f829000 	C:\WINDOWS\SYSTEM32\WSOCK32.dll
0x00007ffe24250000 - 0x00007ffe242bb000 	C:\WINDOWS\System32\WS2_32.dll
0x00007ffe20f40000 - 0x00007ffe20f52000 	C:\WINDOWS\SYSTEM32\kernel.appcore.dll
0x00007ffe0bd10000 - 0x00007ffe0bd1a000 	C:\Program Files\Java\jdk-20\bin\jimage.dll
0x00007ffe20410000 - 0x00007ffe205f4000 	C:\WINDOWS\SYSTEM32\DBGHELP.DLL
0x00007ffe068f0000 - 0x00007ffe0691c000 	C:\WINDOWS\SYSTEM32\dbgcore.DLL
0x00007ffe22720000 - 0x00007ffe227a2000 	C:\WINDOWS\System32\bcryptPrimitives.dll
0x00007ffe07030000 - 0x00007ffe07056000 	C:\Program Files\Java\jdk-20\bin\java.dll
0x00007ffdea990000 - 0x00007ffdeaa67000 	C:\Program Files\Java\jdk-20\bin\jsvml.dll
0x00007ffe23b00000 - 0x00007ffe24244000 	C:\WINDOWS\System32\SHELL32.dll
0x00007ffe20790000 - 0x00007ffe20f24000 	C:\WINDOWS\SYSTEM32\windows.storage.dll
0x00007ffe24b30000 - 0x00007ffe24e84000 	C:\WINDOWS\System32\combase.dll
0x00007ffe22000000 - 0x00007ffe2202c000 	C:\WINDOWS\SYSTEM32\Wldp.dll
0x00007ffe24e90000 - 0x00007ffe24f3d000 	C:\WINDOWS\System32\SHCORE.dll
0x00007ffe24f40000 - 0x00007ffe24f95000 	C:\WINDOWS\System32\shlwapi.dll
0x00007ffe22630000 - 0x00007ffe2264f000 	C:\WINDOWS\SYSTEM32\profapi.dll
0x00007ffe07010000 - 0x00007ffe07023000 	C:\Program Files\Java\jdk-20\bin\net.dll
0x00007ffe1d5b0000 - 0x00007ffe1d6ba000 	C:\WINDOWS\SYSTEM32\WINHTTP.dll
0x00007ffe21de0000 - 0x00007ffe21e4a000 	C:\WINDOWS\system32\mswsock.dll
0x00007ffe05db0000 - 0x00007ffe05dc6000 	C:\Program Files\Java\jdk-20\bin\nio.dll
0x0000000066e80000 - 0x0000000066e94000 	D:\Study\Java Optimization\Lab 3\src\native.dll

dbghelp: loaded successfully - version: 4.0.5 - missing functions: none
symbol engine: initialized successfully - sym options: 0x614 - pdb path: .;C:\Program Files\Java\jdk-20\bin;C:\WINDOWS\SYSTEM32;C:\WINDOWS\WinSxS\amd64_microsoft.windows.common-controls_6595b64144ccf1df_6.0.19041.1110_none_60b5254171f9507e;C:\Program Files\Java\jdk-20\bin\server;D:\Study\Java Optimization\Lab 3\src

VM Arguments:
jvm_args: -Djava.library.path=D:\Study\Java Optimization\Lab 3\src --add-modules=ALL-DEFAULT 
java_command: jdk.compiler/com.sun.tools.javac.launcher.Main HelloWorldJNI.java
java_class_path (initial): .
Launcher Type: SUN_STANDARD

[Global flags]
     intx CICompilerCount                          = 4                                         {product} {ergonomic}
     uint ConcGCThreads                            = 2                                         {product} {ergonomic}
     uint G1ConcRefinementThreads                  = 8                                         {product} {ergonomic}
   size_t G1HeapRegionSize                         = 2097152                                   {product} {ergonomic}
    uintx GCDrainStackTargetSize                   = 64                                        {product} {ergonomic}
   size_t InitialHeapSize                          = 264241152                                 {product} {ergonomic}
   size_t MarkStackSize                            = 4194304                                   {product} {ergonomic}
   size_t MaxHeapSize                              = 4202692608                                {product} {ergonomic}
   size_t MaxNewSize                               = 2520776704                                {product} {ergonomic}
   size_t MinHeapDeltaBytes                        = 2097152                                   {product} {ergonomic}
   size_t MinHeapSize                              = 8388608                                   {product} {ergonomic}
    uintx NonNMethodCodeHeapSize                   = 5839372                                {pd product} {ergonomic}
    uintx NonProfiledCodeHeapSize                  = 122909434                              {pd product} {ergonomic}
    uintx ProfiledCodeHeapSize                     = 122909434                              {pd product} {ergonomic}
    uintx ReservedCodeCacheSize                    = 251658240                              {pd product} {ergonomic}
     bool SegmentedCodeCache                       = true                                      {product} {ergonomic}
   size_t SoftMaxHeapSize                          = 4202692608                             {manageable} {ergonomic}
     bool UseCompressedClassPointers               = true                           {product lp64_product} {ergonomic}
     bool UseCompressedOops                        = true                           {product lp64_product} {ergonomic}
     bool UseG1GC                                  = true                                      {product} {ergonomic}
     bool UseLargePagesIndividualAllocation        = false                                  {pd product} {ergonomic}

Logging:
Log output configuration:
 #0: stdout all=warning uptime,level,tags foldmultilines=false
 #1: stderr all=off uptime,level,tags foldmultilines=false

Environment Variables:
PATH=C:\Users\\bin;D:\Git\mingw64\bin;D:\Git\usr\local\bin;D:\Git\usr\bin;D:\Git\usr\bin;D:\Git\mingw64\bin;D:\Git\usr\bin;C:\Users\\bin;C:\Program Files\Common Files\Oracle\Java\javapath;C:\Program Files (x86)\Common Files\Oracle\Java\javapath;C:\Python310\Scripts;C:\Python310;C:\WINDOWS\system32;C:\WINDOWS;C:\WINDOWS\System32\Wbem;C:\WINDOWS\System32\WindowsPowerShell\v1.0;C:\WINDOWS\System32\OpenSSH;C:\ProgramData\chocolatey\bin;C:\Program Files (x86)\dotnet;D:\Git\cmd;D:\gradle-8.1\bin;D:\Node JS;C:\Users\\.jdks\corretto-17.0.4.1\bin;C:\Program Files (x86)\Windows Kits\10\Windows Performance Toolkit;C:\Program Files\Docker\Docker\resources\bin;C:\mingw64;C:\mingw64\bin;C:\Users\\AppData\Local\Programs\Python\Python312\Scripts;C:\Users\\AppData\Local\Programs\Python\Python312;C:\Users\\AppData\Local\Microsoft\WindowsApps;D:\openjdk-18.0.2.1_windows-x64_bin\jdk-18.0.2.1\bin;D:\Visual Code\Microsoft VS Code\bin;D:\gradle-8.1\bin;D:\IntelliJ IDEA 2024.1\bin;D:\InteliJ IDEA\IntelliJ IDEA Community Edition 2023.3.4\bin;C:\Users\\AppData\Roaming\npm;D:\flutter\bin;D:\maven\apache-maven-3.9.6\bin;D:\Git\usr\bin\vendor_perl;D:\Git\usr\bin\core_perl
USERNAME=
SHELL=D:\Git\usr\bin\bash.exe
DISPLAY=needs-to-be-defined
LC_CTYPE=ru_RU.UTF-8
TERM=xterm
TMPDIR=C:\Users\134E~1\AppData\Local\Temp
OS=Windows_NT
PROCESSOR_IDENTIFIER=Intel64 Family 6 Model 140 Stepping 1, GenuineIntel
TMP=C:\Users\134E~1\AppData\Local\Temp
TEMP=C:\Users\134E~1\AppData\Local\Temp




---------------  S Y S T E M  ---------------

OS:
 Windows 10 , 64 bit Build 19041 (10.0.19041.1682)
OS uptime: 0 days 2:52 hours
Hyper-V role detected

CPU: total 8 (initial active 8) (4 cores per cpu, 2 threads per core) family 6 model 140 stepping 1 microcode 0x8a, cx8, cmov, fxsr, ht, mmx, 3dnowpref, sse, sse2, sse3, ssse3, sse4.1, sse4.2, popcnt, lzcnt, tsc, tscinvbit, avx, avx2, aes, erms, clmul, bmi1, bmi2, adx, avx512f, avx512dq, avx512cd, avx512bw, avx512vl, sha, fma, vzeroupper, avx512_vpopcntdq, avx512_vpclmulqdq, avx512_vaes, avx512_vnni, clflush, clflushopt, clwb, avx512_vbmi2, avx512_vbmi, hv, rdtscp, rdpid, fsrm, gfni, avx512_bitalg, f16c, cet_ibt, cet_ss, avx512_ifma

Memory: 4k page, system-wide physical 16026M (8807M free)
TotalPageFile size 33616M (AvailPageFile size 4M)
current process WorkingSet (physical memory assigned to process): 116M, peak: 118M
current process commit charge ("private bytes"): 25658M, peak: 25662M

vm_info: Java HotSpot(TM) 64-Bit Server VM (20.0.1+9-29) for windows-amd64 JRE (20.0.1+9-29), built on 2023-03-07T13:56:11Z by "mach5one" with MS VC++ 17.1 (VS2022)

END.
