#
# A fatal error has been detected by the Java Runtime Environment:
#
#  EXCEPTION_INT_DIVIDE_BY_ZERO (0xc0000094) at pc=0x0000000066e814bb, pid=16088, tid=18816
#
# JRE version: Java(TM) SE Runtime Environment (20.0.1+9) (build 20.0.1+9-29)
# Java VM: Java HotSpot(TM) 64-Bit Server VM (20.0.1+9-29, mixed mode, sharing, tiered, compressed oops, compressed class ptrs, g1 gc, windows-amd64)
# Problematic frame:
# C  [native.dll+0x14bb]
#
# No core dump will be written. Minidumps are not enabled by default on client versions of Windows
#
# If you would like to submit a bug report, please visit:
#   https://bugreport.java.com/bugreport/crash.jsp
# The crash happened outside the Java Virtual Machine in native code.
# See problematic frame for where to report the bug.
#

---------------  S U M M A R Y ------------

Command Line: -Djava.library.path=D:\Study\Java Optimization\Lab 3\src HelloWorldJNI

Host: 11th Gen Intel(R) Core(TM) i5-1135G7 @ 2.40GHz, 8 cores, 15G,  Windows 10 , 64 bit Build 19041 (10.0.19041.1682)
Time: Wed Apr 24 10:24:44 2024  Windows 10 , 64 bit Build 19041 (10.0.19041.1682) elapsed time: 104.831788 seconds (0d 0h 1m 44s)

---------------  T H R E A D  ---------------

Current thread (0x000001fe60a30520):  JavaThread "main" [_thread_in_native, id=18816, stack(0x0000000f14c00000,0x0000000f14d00000)]

Stack: [0x0000000f14c00000,0x0000000f14d00000],  sp=0x0000000f14cff620,  free space=1021k
Native frames: (J=compiled Java code, j=interpreted, Vv=VM code, C=native code)
C  [native.dll+0x14bb]

Java frames: (J=compiled Java code, j=interpreted, Vv=VM code)
j  HelloWorldJNI.callMethods()V+0
j  HelloWorldJNI.main([Ljava/lang/String;)V+47
v  ~StubRoutines::call_stub 0x000001fe718010e7

siginfo: EXCEPTION_INT_DIVIDE_BY_ZERO (0xc0000094)


Registers:
RAX=0x0000000000000001, RBX=0x000001fe02400d10, RCX=0x0000000000000000, RDX=0x0000000000000000
RSP=0x0000000f14cff620, RBP=0x0000000f14cff650, RSI=0x0000000000000016, RDI=0x000001fe7181de8a
R8 =0x0000000705a00000, R9 =0x00000008010009f8, R10=0x00007ffb7f910000, R11=0x00000000001e8490
R12=0x0000000000000000, R13=0x000001fe02400d10, R14=0x0000000f14cff748, R15=0x000001fe60a30520
RIP=0x0000000066e814bb, EFLAGS=0x0000000000010202


Register to memory mapping:

RIP=0x0000000066e814bb native.dll
RAX=0x0000000000000001 is an unknown value
RBX={method} {0x000001fe02400d18} 'callMethods' '()V' in 'HelloWorldJNI'
RCX=0x0 is NULL
RDX=0x0 is NULL
RSP=0x0000000f14cff620 is pointing into the stack for thread: 0x000001fe60a30520
RBP=0x0000000f14cff650 is pointing into the stack for thread: 0x000001fe60a30520
RSI=0x0000000000000016 is an unknown value
RDI=0x000001fe7181de8a is at code_begin+1098 in an Interpreter codelet
return entry points  [0x000001fe7181da40, 0x000001fe7181e508]  2760 bytes
R8 =0x0000000705a00000 is an oop: [C 
{0x0000000705a00000} - klass: {type array char}
 - length: 1000000
R9 =0x00000008010009f8 is a pointer to class: 
Bean {0x0000000801000a00}
 - instance size:     6
 - klass size:        82
 - access:            public synchronized 
 - state:             fully_initialized
 - name:              'Bean'
 - super:             'java/lang/Object'
 - sub:               
 - arrays:            NULL
 - methods:           Array<T>(0x000001fe02401db0)
 - method ordering:   Array<T>(0x0000000800b07928)
 - default_methods:   Array<T>(0x0000000000000000)
 - local interfaces:  Array<T>(0x000000080060e6c0)
 - trans. interfaces: Array<T>(0x000000080060e6c0)
 - constants:         constant pool [115]/operands[5] {0x000001fe02401928} for 'Bean' cache=0x000001fe02402b40
 - class loader data:  loader data: 0x000001fe7fe09ad0 for instance a 'jdk/internal/loader/ClassLoaders$AppClassLoader'{0x000000071525f868}
 - source file:       'Bean.java'
 - class annotations:       Array<T>(0x0000000000000000)
 - class type annotations:  Array<T>(0x0000000000000000)
 - field annotations:       Array<T>(0x0000000000000000)
 - field type annotations:  Array<T>(0x0000000000000000)
 - inner classes:     Array<T>(0x000001fe02401fe8)
 - nest members:     Array<T>(0x000000080060e648)
 - permitted subclasses:     Array<T>(0x000000080060e648)
 - java mirror:       a 'java/lang/Class'{0x0000000715374a60} = 'Bean'
 - vtable length      23  (start addr: 0x0000000801000bb8)
 - itable length      2 (start addr: 0x0000000801000c70)
 - ---- static fields (0 words):
 - ---- non-static fields (9 words):
 - private 'intVar' 'I' @12 
 - private 'longVar' 'J' @16 
 - private 'charVar' 'C' @24 
 - private 'boolVar' 'Z' @26 
 - private 'intArrayVar' '[I' @28 
 - private 'charArrayVar' '[C' @32 
 - private 'string' 'Ljava/lang/String;' @36 
 - private 'listVar' 'Ljava/util/List;' @40 
 - private 'bean' 'LBean;' @44 
 - non-static oop maps: 28-44 
R10=0x00007ffb7f910000 VCRUNTIME140.dll
R11=0x00000000001e8490 is an unknown value
R12=0x0 is NULL
R13={method} {0x000001fe02400d18} 'callMethods' '()V' in 'HelloWorldJNI'
R14=0x0000000f14cff748 is pointing into the stack for thread: 0x000001fe60a30520
R15=0x000001fe60a30520 is a thread


Top of Stack: (sp=0x0000000f14cff620)
0x0000000f14cff620:   0000000f14cff650 0000000000000016
0x0000000f14cff630:   000000000000006a 000001fe60a31ce0
0x0000000f14cff640:   0000000000000082 000001fe60a31cd8
0x0000000f14cff650:   0000000f14cff6a0 0000000066e8158b
0x0000000f14cff660:   000001fe60a30800 0000000f14cff748
0x0000000f14cff670:   000001fe60a31cc0 000001fe71821f00
0x0000000f14cff680:   000001fe02400d10 000001fe60a31cc0
0x0000000f14cff690:   000001fe02400d10 000001fe60a31cb0
0x0000000f14cff6a0:   0000000f14cff728 000001fe718220f3
0x0000000f14cff6b0:   000001fe60a30800 0000000f14cff748
0x0000000f14cff6c0:   0000000000000000 0000000f14cff6c8
0x0000000f14cff6d0:   0000000800b967e3 000001fe71821d96
0x0000000f14cff6e0:   0000000f14cff6e0 000001fe02400d10
0x0000000f14cff6f0:   0000000f14cff748 000001fe02401378
0x0000000f14cff700:   0000000000000000 0000000715371978
0x0000000f14cff710:   000001fe02400d10 0000000000000000
0x0000000f14cff720:   0000000f14cff748 0000000f14cff798
0x0000000f14cff730:   000001fe7181de8a 0000000000000000
0x0000000f14cff740:   000001fe7181f897 0000000715373320
0x0000000f14cff750:   0000000f14cff750 000001fe02400a37
0x0000000f14cff760:   0000000f14cff7d0 000001fe02401378
0x0000000f14cff770:   0000000000000000 0000000715371978
0x0000000f14cff780:   000001fe02400b10 0000000f14cff748
0x0000000f14cff790:   0000000f14cff7d0 0000000f14cff9b0
0x0000000f14cff7a0:   000001fe718010e7 0000000000000000
0x0000000f14cff7b0:   0000000000000000 0000000000000000
0x0000000f14cff7c0:   0000000715374d20 0000000715373320
0x0000000f14cff7d0:   0000000715372388 0000000000000000
0x0000000f14cff7e0:   0000000000000000 0000000000000000
0x0000000f14cff7f0:   0000000000000000 0000000000000000
0x0000000f14cff800:   0000000000000000 0000000000000000
0x0000000f14cff810:   0000000000000000 0000000000000000 

Instructions: (pc=0x0000000066e814bb)
0x0000000066e813bb:   10 48 89 55 18 b9 00 12 7a 00 e8 de 18 00 00 48
0x0000000066e813cb:   89 45 f0 c7 45 fc 00 00 00 00 b9 00 09 3d 00 e8
0x0000000066e813db:   c9 18 00 00 48 89 45 e8 8b 45 fc 48 98 48 8d 14
0x0000000066e813eb:   c5 00 00 00 00 48 8b 45 f0 48 01 d0 48 8b 55 e8
0x0000000066e813fb:   48 89 10 83 45 fc 01 eb d1 55 48 89 e5 48 83 ec
0x0000000066e8140b:   40 48 89 4d 10 48 89 55 18 4c 89 45 20 48 8b 45
0x0000000066e8141b:   10 48 8b 00 48 8b 40 30 48 8d 15 d6 2b 00 00 48
0x0000000066e8142b:   8b 4d 10 ff d0 48 89 45 f8 48 8b 45 10 48 8b 00
0x0000000066e8143b:   48 8b 80 f0 02 00 00 48 8b 55 f8 4c 8d 0d b8 2b
0x0000000066e8144b:   00 00 4c 8d 05 b4 2b 00 00 48 8b 4d 10 ff d0 48
0x0000000066e8145b:   89 45 f0 48 8b 45 10 48 8b 00 48 8b 80 88 05 00
0x0000000066e8146b:   00 ba 40 42 0f 00 48 8b 4d 10 ff d0 48 89 45 e8
0x0000000066e8147b:   48 8b 45 10 48 8b 00 48 8b 80 40 03 00 00 4c 8b
0x0000000066e8148b:   45 e8 48 8b 4d f0 48 8b 55 20 4d 89 c1 49 89 c8
0x0000000066e8149b:   48 8b 4d 10 ff d0 90 48 83 c4 40 5d c3 55 48 89
0x0000000066e814ab:   e5 48 83 ec 30 b8 01 00 00 00 b9 00 00 00 00 99
0x0000000066e814bb:   f7 f9 f2 0f 2a c0 f2 0f 11 45 f8 f2 0f 10 4d f8
0x0000000066e814cb:   f2 0f 10 45 f8 66 48 0f 7e c2 48 8d 0d 39 2b 00
0x0000000066e814db:   00 e8 bf 17 00 00 90 48 83 c4 30 5d c3 55 48 89
0x0000000066e814eb:   e5 48 83 ec 30 c7 45 fc 01 00 00 00 e8 ac ff ff
0x0000000066e814fb:   ff 90 48 83 c4 30 5d c3 55 48 89 e5 48 83 ec 40
0x0000000066e8150b:   48 89 4d 10 48 89 55 18 48 8b 45 10 48 8b 00 48
0x0000000066e8151b:   8b 80 38 05 00 00 48 8d 15 f0 2a 00 00 48 8b 4d
0x0000000066e8152b:   10 ff d0 48 89 45 f8 c6 45 f7 00 0f b6 55 f7 48
0x0000000066e8153b:   8b 4d f8 48 8b 45 18 41 89 d1 49 89 c8 48 89 c2
0x0000000066e8154b:   48 8b 4d 10 e8 bd 00 00 00 48 89 45 e8 48 8b 55
0x0000000066e8155b:   e8 48 8b 45 18 49 89 d0 48 89 c2 48 8b 4d 10 e8
0x0000000066e8156b:   26 02 00 00 48 8b 55 e8 48 8b 45 18 49 89 d0 48
0x0000000066e8157b:   89 c2 48 8b 4d 10 e8 7e fe ff ff e8 1d ff ff ff
0x0000000066e8158b:   90 48 83 c4 40 5d c3 55 48 89 e5 48 83 ec 30 48
0x0000000066e8159b:   89 4d 10 48 89 55 18 4c 89 45 20 48 8b 45 10 48
0x0000000066e815ab:   8b 00 48 8b 40 30 48 8d 15 6b 2a 00 00 48 8b 4d 


Stack slot to memory mapping:
stack at sp + 0 slots: 0x0000000f14cff650 is pointing into the stack for thread: 0x000001fe60a30520
stack at sp + 1 slots: 0x0000000000000016 is an unknown value
stack at sp + 2 slots: 0x000000000000006a is an unknown value
stack at sp + 3 slots: 0x000001fe60a31ce0 points into unknown readable memory: 0x0000000705a00000 | 00 00 a0 05 07 00 00 00
stack at sp + 4 slots: 0x0000000000000082 is an unknown value
stack at sp + 5 slots: 0x000001fe60a31cd8 points into unknown readable memory: 0x0000000715374a60 | 60 4a 37 15 07 00 00 00
stack at sp + 6 slots: 0x0000000f14cff6a0 is pointing into the stack for thread: 0x000001fe60a30520
stack at sp + 7 slots: 0x0000000066e8158b native.dll


---------------  P R O C E S S  ---------------

Threads class SMR info:
_java_thread_list=0x000001fe06107ba0, length=11, elements={
0x000001fe60a30520, 0x000001fe7fe24480, 0x000001fe7fe25280, 0x000001fe7fe26fc0,
0x000001fe7fe2aba0, 0x000001fe7fe2b4e0, 0x000001fe7fe2e820, 0x000001fe7fe32040,
0x000001fe7fe38a20, 0x000001fe060fce10, 0x000001fe060fe350
}

Java Threads: ( => current thread )
=>0x000001fe60a30520 JavaThread "main" [_thread_in_native, id=18816, stack(0x0000000f14c00000,0x0000000f14d00000)]
  0x000001fe7fe24480 JavaThread "Reference Handler" daemon [_thread_blocked, id=13752, stack(0x0000000f15300000,0x0000000f15400000)]
  0x000001fe7fe25280 JavaThread "Finalizer" daemon [_thread_blocked, id=14616, stack(0x0000000f15400000,0x0000000f15500000)]
  0x000001fe7fe26fc0 JavaThread "Signal Dispatcher" daemon [_thread_blocked, id=8100, stack(0x0000000f15500000,0x0000000f15600000)]
  0x000001fe7fe2aba0 JavaThread "Attach Listener" daemon [_thread_blocked, id=1320, stack(0x0000000f15600000,0x0000000f15700000)]
  0x000001fe7fe2b4e0 JavaThread "Service Thread" daemon [_thread_blocked, id=10676, stack(0x0000000f15700000,0x0000000f15800000)]
  0x000001fe7fe2e820 JavaThread "Monitor Deflation Thread" daemon [_thread_blocked, id=11172, stack(0x0000000f15800000,0x0000000f15900000)]
  0x000001fe7fe32040 JavaThread "C2 CompilerThread0" daemon [_thread_blocked, id=13220, stack(0x0000000f15900000,0x0000000f15a00000)]
  0x000001fe7fe38a20 JavaThread "C1 CompilerThread0" daemon [_thread_blocked, id=18560, stack(0x0000000f15a00000,0x0000000f15b00000)]
  0x000001fe060fce10 JavaThread "Notification Thread" daemon [_thread_blocked, id=1108, stack(0x0000000f15b00000,0x0000000f15c00000)]
  0x000001fe060fe350 JavaThread "Common-Cleaner" daemon [_thread_blocked, id=15256, stack(0x0000000f15d00000,0x0000000f15e00000)]

Other Threads:
  0x000001fe7fe043f0 VMThread "VM Thread" [stack: 0x0000000f15200000,0x0000000f15300000] [id=1584]
  0x000001fe06102340 WatcherThread "VM Periodic Task Thread" [stack: 0x0000000f15c00000,0x0000000f15d00000] [id=11756]
  0x000001fe60a9fa40 WorkerThread "GC Thread#0" [stack: 0x0000000f14d00000,0x0000000f14e00000] [id=7940]
  0x000001fe60ab1490 ConcurrentGCThread "G1 Main Marker" [stack: 0x0000000f14e00000,0x0000000f14f00000] [id=9444]
  0x000001fe60ab1dd0 WorkerThread "G1 Conc#0" [stack: 0x0000000f14f00000,0x0000000f15000000] [id=11772]
  0x000001fe60afd010 ConcurrentGCThread "G1 Refine#0" [stack: 0x0000000f15000000,0x0000000f15100000] [id=1172]
  0x000001fe60afd9c0 ConcurrentGCThread "G1 Service" [stack: 0x0000000f15100000,0x0000000f15200000] [id=11536]

Threads with active compile tasks:

VM state: not at safepoint (normal execution)

VM Mutex/Monitor currently owned by a thread: None

Heap address: 0x0000000705800000, size: 4008 MB, Compressed Oops mode: Zero based, Oop shift amount: 3

CDS archive(s) mapped at: [0x0000000800000000-0x0000000800c60000-0x0000000800c60000), size 12976128, SharedBaseAddress: 0x0000000800000000, ArchiveRelocationMode: 0.
Compressed class space mapped at: 0x0000000801000000-0x0000000841000000, reserved size: 1073741824
Narrow klass base: 0x0000000800000000, Narrow klass shift: 0, Narrow klass range: 0x100000000

GC Precious Log:
 CardTable entry size: 512
 Card Set container configuration: InlinePtr #cards 4 size 8 Array Of Cards #cards 16 size 48 Howl #buckets 8 coarsen threshold 3686 Howl Bitmap #cards 512 size 80 coarsen threshold 460 Card regions per heap region 1 cards per card region 4096
 CPUs: 8 total, 8 available
 Memory: 16026M
 Large Page Support: Disabled
 NUMA Support: Disabled
 Compressed Oops: Enabled (Zero based)
 Heap Region Size: 2M
 Heap Min Capacity: 8M
 Heap Initial Capacity: 252M
 Heap Max Capacity: 4008M
 Pre-touch: Disabled
 Parallel Workers: 8
 Concurrent Workers: 2
 Concurrent Refinement Workers: 8
 Periodic GC: Disabled

Heap:
 garbage-first heap   total 258048K, used 6144K [0x0000000705800000, 0x0000000800000000)
  region size 2048K, 2 young (4096K), 0 survivors (0K)
 Metaspace       used 376K, committed 576K, reserved 1114112K
  class space    used 28K, committed 128K, reserved 1048576K

Heap Regions: E=young(eden), S=young(survivor), O=old, HS=humongous(starts), HC=humongous(continues), CS=collection set, F=free, OA=open archive, CA=closed archive, TAMS=top-at-mark-start, PB=parsable bottom
|   0|0x0000000705800000, 0x0000000705a00000, 0x0000000705a00000|100%|HS|  |TAMS 0x0000000705800000| PB 0x0000000705800000| Complete 
|   1|0x0000000705a00000, 0x0000000705c00000, 0x0000000705c00000|100%|HS|  |TAMS 0x0000000705a00000| PB 0x0000000705a00000| Complete 
|   2|0x0000000705c00000, 0x0000000705c00000, 0x0000000705e00000|  0%| F|  |TAMS 0x0000000705c00000| PB 0x0000000705c00000| Untracked 
|   3|0x0000000705e00000, 0x0000000705e00000, 0x0000000706000000|  0%| F|  |TAMS 0x0000000705e00000| PB 0x0000000705e00000| Untracked 
|   4|0x0000000706000000, 0x0000000706000000, 0x0000000706200000|  0%| F|  |TAMS 0x0000000706000000| PB 0x0000000706000000| Untracked 
|   5|0x0000000706200000, 0x0000000706200000, 0x0000000706400000|  0%| F|  |TAMS 0x0000000706200000| PB 0x0000000706200000| Untracked 
|   6|0x0000000706400000, 0x0000000706400000, 0x0000000706600000|  0%| F|  |TAMS 0x0000000706400000| PB 0x0000000706400000| Untracked 
|   7|0x0000000706600000, 0x0000000706600000, 0x0000000706800000|  0%| F|  |TAMS 0x0000000706600000| PB 0x0000000706600000| Untracked 
|   8|0x0000000706800000, 0x0000000706800000, 0x0000000706a00000|  0%| F|  |TAMS 0x0000000706800000| PB 0x0000000706800000| Untracked 
|   9|0x0000000706a00000, 0x0000000706a00000, 0x0000000706c00000|  0%| F|  |TAMS 0x0000000706a00000| PB 0x0000000706a00000| Untracked 
|  10|0x0000000706c00000, 0x0000000706c00000, 0x0000000706e00000|  0%| F|  |TAMS 0x0000000706c00000| PB 0x0000000706c00000| Untracked 
|  11|0x0000000706e00000, 0x0000000706e00000, 0x0000000707000000|  0%| F|  |TAMS 0x0000000706e00000| PB 0x0000000706e00000| Untracked 
|  12|0x0000000707000000, 0x0000000707000000, 0x0000000707200000|  0%| F|  |TAMS 0x0000000707000000| PB 0x0000000707000000| Untracked 
|  13|0x0000000707200000, 0x0000000707200000, 0x0000000707400000|  0%| F|  |TAMS 0x0000000707200000| PB 0x0000000707200000| Untracked 
|  14|0x0000000707400000, 0x0000000707400000, 0x0000000707600000|  0%| F|  |TAMS 0x0000000707400000| PB 0x0000000707400000| Untracked 
|  15|0x0000000707600000, 0x0000000707600000, 0x0000000707800000|  0%| F|  |TAMS 0x0000000707600000| PB 0x0000000707600000| Untracked 
|  16|0x0000000707800000, 0x0000000707800000, 0x0000000707a00000|  0%| F|  |TAMS 0x0000000707800000| PB 0x0000000707800000| Untracked 
|  17|0x0000000707a00000, 0x0000000707a00000, 0x0000000707c00000|  0%| F|  |TAMS 0x0000000707a00000| PB 0x0000000707a00000| Untracked 
|  18|0x0000000707c00000, 0x0000000707c00000, 0x0000000707e00000|  0%| F|  |TAMS 0x0000000707c00000| PB 0x0000000707c00000| Untracked 
|  19|0x0000000707e00000, 0x0000000707e00000, 0x0000000708000000|  0%| F|  |TAMS 0x0000000707e00000| PB 0x0000000707e00000| Untracked 
|  20|0x0000000708000000, 0x0000000708000000, 0x0000000708200000|  0%| F|  |TAMS 0x0000000708000000| PB 0x0000000708000000| Untracked 
|  21|0x0000000708200000, 0x0000000708200000, 0x0000000708400000|  0%| F|  |TAMS 0x0000000708200000| PB 0x0000000708200000| Untracked 
|  22|0x0000000708400000, 0x0000000708400000, 0x0000000708600000|  0%| F|  |TAMS 0x0000000708400000| PB 0x0000000708400000| Untracked 
|  23|0x0000000708600000, 0x0000000708600000, 0x0000000708800000|  0%| F|  |TAMS 0x0000000708600000| PB 0x0000000708600000| Untracked 
|  24|0x0000000708800000, 0x0000000708800000, 0x0000000708a00000|  0%| F|  |TAMS 0x0000000708800000| PB 0x0000000708800000| Untracked 
|  25|0x0000000708a00000, 0x0000000708a00000, 0x0000000708c00000|  0%| F|  |TAMS 0x0000000708a00000| PB 0x0000000708a00000| Untracked 
|  26|0x0000000708c00000, 0x0000000708c00000, 0x0000000708e00000|  0%| F|  |TAMS 0x0000000708c00000| PB 0x0000000708c00000| Untracked 
|  27|0x0000000708e00000, 0x0000000708e00000, 0x0000000709000000|  0%| F|  |TAMS 0x0000000708e00000| PB 0x0000000708e00000| Untracked 
|  28|0x0000000709000000, 0x0000000709000000, 0x0000000709200000|  0%| F|  |TAMS 0x0000000709000000| PB 0x0000000709000000| Untracked 
|  29|0x0000000709200000, 0x0000000709200000, 0x0000000709400000|  0%| F|  |TAMS 0x0000000709200000| PB 0x0000000709200000| Untracked 
|  30|0x0000000709400000, 0x0000000709400000, 0x0000000709600000|  0%| F|  |TAMS 0x0000000709400000| PB 0x0000000709400000| Untracked 
|  31|0x0000000709600000, 0x0000000709600000, 0x0000000709800000|  0%| F|  |TAMS 0x0000000709600000| PB 0x0000000709600000| Untracked 
|  32|0x0000000709800000, 0x0000000709800000, 0x0000000709a00000|  0%| F|  |TAMS 0x0000000709800000| PB 0x0000000709800000| Untracked 
|  33|0x0000000709a00000, 0x0000000709a00000, 0x0000000709c00000|  0%| F|  |TAMS 0x0000000709a00000| PB 0x0000000709a00000| Untracked 
|  34|0x0000000709c00000, 0x0000000709c00000, 0x0000000709e00000|  0%| F|  |TAMS 0x0000000709c00000| PB 0x0000000709c00000| Untracked 
|  35|0x0000000709e00000, 0x0000000709e00000, 0x000000070a000000|  0%| F|  |TAMS 0x0000000709e00000| PB 0x0000000709e00000| Untracked 
|  36|0x000000070a000000, 0x000000070a000000, 0x000000070a200000|  0%| F|  |TAMS 0x000000070a000000| PB 0x000000070a000000| Untracked 
|  37|0x000000070a200000, 0x000000070a200000, 0x000000070a400000|  0%| F|  |TAMS 0x000000070a200000| PB 0x000000070a200000| Untracked 
|  38|0x000000070a400000, 0x000000070a400000, 0x000000070a600000|  0%| F|  |TAMS 0x000000070a400000| PB 0x000000070a400000| Untracked 
|  39|0x000000070a600000, 0x000000070a600000, 0x000000070a800000|  0%| F|  |TAMS 0x000000070a600000| PB 0x000000070a600000| Untracked 
|  40|0x000000070a800000, 0x000000070a800000, 0x000000070aa00000|  0%| F|  |TAMS 0x000000070a800000| PB 0x000000070a800000| Untracked 
|  41|0x000000070aa00000, 0x000000070aa00000, 0x000000070ac00000|  0%| F|  |TAMS 0x000000070aa00000| PB 0x000000070aa00000| Untracked 
|  42|0x000000070ac00000, 0x000000070ac00000, 0x000000070ae00000|  0%| F|  |TAMS 0x000000070ac00000| PB 0x000000070ac00000| Untracked 
|  43|0x000000070ae00000, 0x000000070ae00000, 0x000000070b000000|  0%| F|  |TAMS 0x000000070ae00000| PB 0x000000070ae00000| Untracked 
|  44|0x000000070b000000, 0x000000070b000000, 0x000000070b200000|  0%| F|  |TAMS 0x000000070b000000| PB 0x000000070b000000| Untracked 
|  45|0x000000070b200000, 0x000000070b200000, 0x000000070b400000|  0%| F|  |TAMS 0x000000070b200000| PB 0x000000070b200000| Untracked 
|  46|0x000000070b400000, 0x000000070b400000, 0x000000070b600000|  0%| F|  |TAMS 0x000000070b400000| PB 0x000000070b400000| Untracked 
|  47|0x000000070b600000, 0x000000070b600000, 0x000000070b800000|  0%| F|  |TAMS 0x000000070b600000| PB 0x000000070b600000| Untracked 
|  48|0x000000070b800000, 0x000000070b800000, 0x000000070ba00000|  0%| F|  |TAMS 0x000000070b800000| PB 0x000000070b800000| Untracked 
|  49|0x000000070ba00000, 0x000000070ba00000, 0x000000070bc00000|  0%| F|  |TAMS 0x000000070ba00000| PB 0x000000070ba00000| Untracked 
|  50|0x000000070bc00000, 0x000000070bc00000, 0x000000070be00000|  0%| F|  |TAMS 0x000000070bc00000| PB 0x000000070bc00000| Untracked 
|  51|0x000000070be00000, 0x000000070be00000, 0x000000070c000000|  0%| F|  |TAMS 0x000000070be00000| PB 0x000000070be00000| Untracked 
|  52|0x000000070c000000, 0x000000070c000000, 0x000000070c200000|  0%| F|  |TAMS 0x000000070c000000| PB 0x000000070c000000| Untracked 
|  53|0x000000070c200000, 0x000000070c200000, 0x000000070c400000|  0%| F|  |TAMS 0x000000070c200000| PB 0x000000070c200000| Untracked 
|  54|0x000000070c400000, 0x000000070c400000, 0x000000070c600000|  0%| F|  |TAMS 0x000000070c400000| PB 0x000000070c400000| Untracked 
|  55|0x000000070c600000, 0x000000070c600000, 0x000000070c800000|  0%| F|  |TAMS 0x000000070c600000| PB 0x000000070c600000| Untracked 
|  56|0x000000070c800000, 0x000000070c800000, 0x000000070ca00000|  0%| F|  |TAMS 0x000000070c800000| PB 0x000000070c800000| Untracked 
|  57|0x000000070ca00000, 0x000000070ca00000, 0x000000070cc00000|  0%| F|  |TAMS 0x000000070ca00000| PB 0x000000070ca00000| Untracked 
|  58|0x000000070cc00000, 0x000000070cc00000, 0x000000070ce00000|  0%| F|  |TAMS 0x000000070cc00000| PB 0x000000070cc00000| Untracked 
|  59|0x000000070ce00000, 0x000000070ce00000, 0x000000070d000000|  0%| F|  |TAMS 0x000000070ce00000| PB 0x000000070ce00000| Untracked 
|  60|0x000000070d000000, 0x000000070d000000, 0x000000070d200000|  0%| F|  |TAMS 0x000000070d000000| PB 0x000000070d000000| Untracked 
|  61|0x000000070d200000, 0x000000070d200000, 0x000000070d400000|  0%| F|  |TAMS 0x000000070d200000| PB 0x000000070d200000| Untracked 
|  62|0x000000070d400000, 0x000000070d400000, 0x000000070d600000|  0%| F|  |TAMS 0x000000070d400000| PB 0x000000070d400000| Untracked 
|  63|0x000000070d600000, 0x000000070d600000, 0x000000070d800000|  0%| F|  |TAMS 0x000000070d600000| PB 0x000000070d600000| Untracked 
|  64|0x000000070d800000, 0x000000070d800000, 0x000000070da00000|  0%| F|  |TAMS 0x000000070d800000| PB 0x000000070d800000| Untracked 
|  65|0x000000070da00000, 0x000000070da00000, 0x000000070dc00000|  0%| F|  |TAMS 0x000000070da00000| PB 0x000000070da00000| Untracked 
|  66|0x000000070dc00000, 0x000000070dc00000, 0x000000070de00000|  0%| F|  |TAMS 0x000000070dc00000| PB 0x000000070dc00000| Untracked 
|  67|0x000000070de00000, 0x000000070de00000, 0x000000070e000000|  0%| F|  |TAMS 0x000000070de00000| PB 0x000000070de00000| Untracked 
|  68|0x000000070e000000, 0x000000070e000000, 0x000000070e200000|  0%| F|  |TAMS 0x000000070e000000| PB 0x000000070e000000| Untracked 
|  69|0x000000070e200000, 0x000000070e200000, 0x000000070e400000|  0%| F|  |TAMS 0x000000070e200000| PB 0x000000070e200000| Untracked 
|  70|0x000000070e400000, 0x000000070e400000, 0x000000070e600000|  0%| F|  |TAMS 0x000000070e400000| PB 0x000000070e400000| Untracked 
|  71|0x000000070e600000, 0x000000070e600000, 0x000000070e800000|  0%| F|  |TAMS 0x000000070e600000| PB 0x000000070e600000| Untracked 
|  72|0x000000070e800000, 0x000000070e800000, 0x000000070ea00000|  0%| F|  |TAMS 0x000000070e800000| PB 0x000000070e800000| Untracked 
|  73|0x000000070ea00000, 0x000000070ea00000, 0x000000070ec00000|  0%| F|  |TAMS 0x000000070ea00000| PB 0x000000070ea00000| Untracked 
|  74|0x000000070ec00000, 0x000000070ec00000, 0x000000070ee00000|  0%| F|  |TAMS 0x000000070ec00000| PB 0x000000070ec00000| Untracked 
|  75|0x000000070ee00000, 0x000000070ee00000, 0x000000070f000000|  0%| F|  |TAMS 0x000000070ee00000| PB 0x000000070ee00000| Untracked 
|  76|0x000000070f000000, 0x000000070f000000, 0x000000070f200000|  0%| F|  |TAMS 0x000000070f000000| PB 0x000000070f000000| Untracked 
|  77|0x000000070f200000, 0x000000070f200000, 0x000000070f400000|  0%| F|  |TAMS 0x000000070f200000| PB 0x000000070f200000| Untracked 
|  78|0x000000070f400000, 0x000000070f400000, 0x000000070f600000|  0%| F|  |TAMS 0x000000070f400000| PB 0x000000070f400000| Untracked 
|  79|0x000000070f600000, 0x000000070f600000, 0x000000070f800000|  0%| F|  |TAMS 0x000000070f600000| PB 0x000000070f600000| Untracked 
|  80|0x000000070f800000, 0x000000070f800000, 0x000000070fa00000|  0%| F|  |TAMS 0x000000070f800000| PB 0x000000070f800000| Untracked 
|  81|0x000000070fa00000, 0x000000070fa00000, 0x000000070fc00000|  0%| F|  |TAMS 0x000000070fa00000| PB 0x000000070fa00000| Untracked 
|  82|0x000000070fc00000, 0x000000070fc00000, 0x000000070fe00000|  0%| F|  |TAMS 0x000000070fc00000| PB 0x000000070fc00000| Untracked 
|  83|0x000000070fe00000, 0x000000070fe00000, 0x0000000710000000|  0%| F|  |TAMS 0x000000070fe00000| PB 0x000000070fe00000| Untracked 
|  84|0x0000000710000000, 0x0000000710000000, 0x0000000710200000|  0%| F|  |TAMS 0x0000000710000000| PB 0x0000000710000000| Untracked 
|  85|0x0000000710200000, 0x0000000710200000, 0x0000000710400000|  0%| F|  |TAMS 0x0000000710200000| PB 0x0000000710200000| Untracked 
|  86|0x0000000710400000, 0x0000000710400000, 0x0000000710600000|  0%| F|  |TAMS 0x0000000710400000| PB 0x0000000710400000| Untracked 
|  87|0x0000000710600000, 0x0000000710600000, 0x0000000710800000|  0%| F|  |TAMS 0x0000000710600000| PB 0x0000000710600000| Untracked 
|  88|0x0000000710800000, 0x0000000710800000, 0x0000000710a00000|  0%| F|  |TAMS 0x0000000710800000| PB 0x0000000710800000| Untracked 
|  89|0x0000000710a00000, 0x0000000710a00000, 0x0000000710c00000|  0%| F|  |TAMS 0x0000000710a00000| PB 0x0000000710a00000| Untracked 
|  90|0x0000000710c00000, 0x0000000710c00000, 0x0000000710e00000|  0%| F|  |TAMS 0x0000000710c00000| PB 0x0000000710c00000| Untracked 
|  91|0x0000000710e00000, 0x0000000710e00000, 0x0000000711000000|  0%| F|  |TAMS 0x0000000710e00000| PB 0x0000000710e00000| Untracked 
|  92|0x0000000711000000, 0x0000000711000000, 0x0000000711200000|  0%| F|  |TAMS 0x0000000711000000| PB 0x0000000711000000| Untracked 
|  93|0x0000000711200000, 0x0000000711200000, 0x0000000711400000|  0%| F|  |TAMS 0x0000000711200000| PB 0x0000000711200000| Untracked 
|  94|0x0000000711400000, 0x0000000711400000, 0x0000000711600000|  0%| F|  |TAMS 0x0000000711400000| PB 0x0000000711400000| Untracked 
|  95|0x0000000711600000, 0x0000000711600000, 0x0000000711800000|  0%| F|  |TAMS 0x0000000711600000| PB 0x0000000711600000| Untracked 
|  96|0x0000000711800000, 0x0000000711800000, 0x0000000711a00000|  0%| F|  |TAMS 0x0000000711800000| PB 0x0000000711800000| Untracked 
|  97|0x0000000711a00000, 0x0000000711a00000, 0x0000000711c00000|  0%| F|  |TAMS 0x0000000711a00000| PB 0x0000000711a00000| Untracked 
|  98|0x0000000711c00000, 0x0000000711c00000, 0x0000000711e00000|  0%| F|  |TAMS 0x0000000711c00000| PB 0x0000000711c00000| Untracked 
|  99|0x0000000711e00000, 0x0000000711e00000, 0x0000000712000000|  0%| F|  |TAMS 0x0000000711e00000| PB 0x0000000711e00000| Untracked 
| 100|0x0000000712000000, 0x0000000712000000, 0x0000000712200000|  0%| F|  |TAMS 0x0000000712000000| PB 0x0000000712000000| Untracked 
| 101|0x0000000712200000, 0x0000000712200000, 0x0000000712400000|  0%| F|  |TAMS 0x0000000712200000| PB 0x0000000712200000| Untracked 
| 102|0x0000000712400000, 0x0000000712400000, 0x0000000712600000|  0%| F|  |TAMS 0x0000000712400000| PB 0x0000000712400000| Untracked 
| 103|0x0000000712600000, 0x0000000712600000, 0x0000000712800000|  0%| F|  |TAMS 0x0000000712600000| PB 0x0000000712600000| Untracked 
| 104|0x0000000712800000, 0x0000000712800000, 0x0000000712a00000|  0%| F|  |TAMS 0x0000000712800000| PB 0x0000000712800000| Untracked 
| 105|0x0000000712a00000, 0x0000000712a00000, 0x0000000712c00000|  0%| F|  |TAMS 0x0000000712a00000| PB 0x0000000712a00000| Untracked 
| 106|0x0000000712c00000, 0x0000000712c00000, 0x0000000712e00000|  0%| F|  |TAMS 0x0000000712c00000| PB 0x0000000712c00000| Untracked 
| 107|0x0000000712e00000, 0x0000000712e00000, 0x0000000713000000|  0%| F|  |TAMS 0x0000000712e00000| PB 0x0000000712e00000| Untracked 
| 108|0x0000000713000000, 0x0000000713000000, 0x0000000713200000|  0%| F|  |TAMS 0x0000000713000000| PB 0x0000000713000000| Untracked 
| 109|0x0000000713200000, 0x0000000713200000, 0x0000000713400000|  0%| F|  |TAMS 0x0000000713200000| PB 0x0000000713200000| Untracked 
| 110|0x0000000713400000, 0x0000000713400000, 0x0000000713600000|  0%| F|  |TAMS 0x0000000713400000| PB 0x0000000713400000| Untracked 
| 111|0x0000000713600000, 0x0000000713600000, 0x0000000713800000|  0%| F|  |TAMS 0x0000000713600000| PB 0x0000000713600000| Untracked 
| 112|0x0000000713800000, 0x0000000713800000, 0x0000000713a00000|  0%| F|  |TAMS 0x0000000713800000| PB 0x0000000713800000| Untracked 
| 113|0x0000000713a00000, 0x0000000713a00000, 0x0000000713c00000|  0%| F|  |TAMS 0x0000000713a00000| PB 0x0000000713a00000| Untracked 
| 114|0x0000000713c00000, 0x0000000713c00000, 0x0000000713e00000|  0%| F|  |TAMS 0x0000000713c00000| PB 0x0000000713c00000| Untracked 
| 115|0x0000000713e00000, 0x0000000713e00000, 0x0000000714000000|  0%| F|  |TAMS 0x0000000713e00000| PB 0x0000000713e00000| Untracked 
| 116|0x0000000714000000, 0x0000000714000000, 0x0000000714200000|  0%| F|  |TAMS 0x0000000714000000| PB 0x0000000714000000| Untracked 
| 117|0x0000000714200000, 0x0000000714200000, 0x0000000714400000|  0%| F|  |TAMS 0x0000000714200000| PB 0x0000000714200000| Untracked 
| 118|0x0000000714400000, 0x0000000714400000, 0x0000000714600000|  0%| F|  |TAMS 0x0000000714400000| PB 0x0000000714400000| Untracked 
| 119|0x0000000714600000, 0x0000000714600000, 0x0000000714800000|  0%| F|  |TAMS 0x0000000714600000| PB 0x0000000714600000| Untracked 
| 120|0x0000000714800000, 0x0000000714800000, 0x0000000714a00000|  0%| F|  |TAMS 0x0000000714800000| PB 0x0000000714800000| Untracked 
| 121|0x0000000714a00000, 0x0000000714a00000, 0x0000000714c00000|  0%| F|  |TAMS 0x0000000714a00000| PB 0x0000000714a00000| Untracked 
| 122|0x0000000714c00000, 0x0000000714c00000, 0x0000000714e00000|  0%| F|  |TAMS 0x0000000714c00000| PB 0x0000000714c00000| Untracked 
| 123|0x0000000714e00000, 0x0000000714e00000, 0x0000000715000000|  0%| F|  |TAMS 0x0000000714e00000| PB 0x0000000714e00000| Untracked 
| 124|0x0000000715000000, 0x00000007150e1cc8, 0x0000000715200000| 44%| E|  |TAMS 0x0000000715000000| PB 0x0000000715000000| Complete 
| 125|0x0000000715200000, 0x0000000715400000, 0x0000000715400000|100%| E|CS|TAMS 0x0000000715200000| PB 0x0000000715200000| Complete 

Card table byte_map: [0x000001fe7a510000,0x000001fe7acf0000] _byte_map_base: 0x000001fe76ce4000

Marking Bits: (CMBitMap*) 0x000001fe60aa0f90
 Bits: [0x000001fe7b4d0000, 0x000001fe7f370000)

Polling page: 0x000001fe60b00000

Metaspace:

Usage:
  Non-class:    347.70 KB used.
      Class:     28.41 KB used.
       Both:    376.11 KB used.

Virtual space:
  Non-class space:       64.00 MB reserved,     448.00 KB ( <1%) committed,  1 nodes.
      Class space:        1.00 GB reserved,     128.00 KB ( <1%) committed,  1 nodes.
             Both:        1.06 GB reserved,     576.00 KB ( <1%) committed. 

Chunk freelists:
   Non-Class:  3.92 MB
       Class:  3.71 MB
        Both:  7.63 MB

MaxMetaspaceSize: unlimited
CompressedClassSpaceSize: 1.00 GB
Initial GC threshold: 21.00 MB
Current GC threshold: 21.00 MB
CDS: on
MetaspaceReclaimPolicy: balanced
 - commit_granule_bytes: 65536.
 - commit_granule_words: 8192.
 - virtual_space_node_default_size: 8388608.
 - enlarge_chunks_in_place: 1.
 - new_chunks_are_fully_committed: 0.
 - uncommit_free_chunks: 1.
 - use_allocation_guard: 0.


Internal statistics:

num_allocs_failed_limit: 0.
num_arena_births: 80.
num_arena_deaths: 0.
num_vsnodes_births: 2.
num_vsnodes_deaths: 0.
num_space_committed: 9.
num_space_uncommitted: 0.
num_chunks_returned_to_freelist: 0.
num_chunks_taken_from_freelist: 87.
num_chunk_merges: 0.
num_chunk_splits: 58.
num_chunks_enlarged: 30.
num_inconsistent_stats: 0.

CodeHeap 'non-profiled nmethods': size=120000Kb used=86Kb max_used=86Kb free=119913Kb
 bounds [0x000001fe71da0000, 0x000001fe72010000, 0x000001fe792d0000]
CodeHeap 'profiled nmethods': size=120000Kb used=226Kb max_used=226Kb free=119773Kb
 bounds [0x000001fe6a2d0000, 0x000001fe6a540000, 0x000001fe71800000]
CodeHeap 'non-nmethods': size=5760Kb used=1413Kb max_used=1427Kb free=4346Kb
 bounds [0x000001fe71800000, 0x000001fe71a70000, 0x000001fe71da0000]
 total_blobs=605 nmethods=222 adapters=294
 compilation: enabled
              stopped_count=0, restarted_count=0
 full_count=0

Compilation events (20 events):
Event: 29.004 Thread 0x000001fe7fe38a20  202       3       java.lang.invoke.LambdaForm$NamedFunction::returnType (11 bytes)
Event: 29.005 Thread 0x000001fe7fe38a20 nmethod 202 0x000001fe6a303190 code [0x000001fe6a303380, 0x000001fe6a303908]
Event: 29.005 Thread 0x000001fe7fe38a20  211       3       java.lang.invoke.MethodType::makeImpl (109 bytes)
Event: 29.006 Thread 0x000001fe7fe38a20 nmethod 211 0x000001fe6a303b10 code [0x000001fe6a303da0, 0x000001fe6a304ba0]
Event: 29.006 Thread 0x000001fe7fe38a20  216       3       java.lang.invoke.MethodType::checkPtypes (76 bytes)
Event: 29.008 Thread 0x000001fe7fe38a20 nmethod 216 0x000001fe6a305010 code [0x000001fe6a305280, 0x000001fe6a305d20]
Event: 29.008 Thread 0x000001fe7fe38a20  212       3       java.lang.invoke.MethodType::<init> (15 bytes)
Event: 29.008 Thread 0x000001fe7fe38a20 nmethod 212 0x000001fe6a306190 code [0x000001fe6a306320, 0x000001fe6a306558]
Event: 29.008 Thread 0x000001fe7fe38a20  213       3       java.lang.invoke.MethodType$ConcurrentWeakInternSet::get (47 bytes)
Event: 29.009 Thread 0x000001fe7fe38a20 nmethod 213 0x000001fe6a306610 code [0x000001fe6a306820, 0x000001fe6a307008]
Event: 29.009 Thread 0x000001fe7fe38a20  209       3       jdk.internal.org.objectweb.asm.ByteVector::put122 (93 bytes)
Event: 29.009 Thread 0x000001fe7fe38a20 nmethod 209 0x000001fe6a307310 code [0x000001fe6a3074c0, 0x000001fe6a307748]
Event: 29.010 Thread 0x000001fe7fe38a20  206       3       java.lang.invoke.LambdaForm::parameterType (9 bytes)
Event: 29.010 Thread 0x000001fe7fe38a20 nmethod 206 0x000001fe6a307910 code [0x000001fe6a307aa0, 0x000001fe6a307bf8]
Event: 29.010 Thread 0x000001fe7fe38a20  221       3       java.lang.StringBuilder::toString (9 bytes)
Event: 29.010 Thread 0x000001fe7fe38a20 nmethod 221 0x000001fe6a307d10 code [0x000001fe6a307ea0, 0x000001fe6a3080a8]
Event: 29.010 Thread 0x000001fe7fe38a20  222       3       java.lang.String::<init> (7 bytes)
Event: 29.010 Thread 0x000001fe7fe38a20 nmethod 222 0x000001fe6a308190 code [0x000001fe6a308320, 0x000001fe6a308460]
Event: 29.010 Thread 0x000001fe7fe38a20  204       3       java.lang.invoke.LambdaForm$Name::<init> (66 bytes)
Event: 29.011 Thread 0x000001fe7fe38a20 nmethod 204 0x000001fe6a308510 code [0x000001fe6a3086a0, 0x000001fe6a308980]

GC Heap History (0 events):
No events

Dll operation events (3 events):
Event: 0.007 Loaded shared library C:\Program Files\Java\jdk-20\bin\java.dll
Event: 0.019 Loaded shared library C:\Program Files\Java\jdk-20\bin\jsvml.dll
Event: 0.536 Loaded shared library D:\Study\Java Optimization\Lab 3\src\native.dll

Deoptimization events (0 events):
No events

Classes loaded (18 events):
Event: 0.028 Loading class sun/nio/cs/MS1251
Event: 0.028 Loading class sun/nio/cs/MS1251 done
Event: 0.028 Loading class sun/nio/cs/MS1251$Holder
Event: 0.028 Loading class sun/nio/cs/MS1251$Holder done
Event: 0.044 Loading class jdk/internal/loader/URLClassPath$FileLoader
Event: 0.044 Loading class jdk/internal/loader/URLClassPath$FileLoader done
Event: 0.044 Loading class sun/nio/cs/UTF_8$Decoder
Event: 0.044 Loading class sun/nio/cs/UTF_8$Decoder done
Event: 0.045 Loading class jdk/internal/loader/URLClassPath$FileLoader$1
Event: 0.045 Loading class jdk/internal/loader/URLClassPath$FileLoader$1 done
Event: 0.052 Loading class java/lang/InterruptedException
Event: 0.052 Loading class java/lang/InterruptedException done
Event: 0.052 Loading class java/lang/AssertionError
Event: 0.052 Loading class java/lang/AssertionError done
Event: 0.552 Loading class jdk/internal/event/ThreadSleepEvent
Event: 0.552 Loading class jdk/internal/event/Event
Event: 0.552 Loading class jdk/internal/event/Event done
Event: 0.552 Loading class jdk/internal/event/ThreadSleepEvent done

Classes unloaded (0 events):
No events

Classes redefined (0 events):
No events

Internal exceptions (0 events):
No events

VM Operations (2 events):
Event: 1.026 Executing VM operation: Cleanup
Event: 1.027 Executing VM operation: Cleanup done

Events (11 events):
Event: 0.019 Thread 0x000001fe60a30520 Thread added: 0x000001fe60a30520
Event: 0.031 Thread 0x000001fe7fe24480 Thread added: 0x000001fe7fe24480
Event: 0.032 Thread 0x000001fe7fe25280 Thread added: 0x000001fe7fe25280
Event: 0.032 Thread 0x000001fe7fe26fc0 Thread added: 0x000001fe7fe26fc0
Event: 0.032 Thread 0x000001fe7fe2aba0 Thread added: 0x000001fe7fe2aba0
Event: 0.032 Thread 0x000001fe7fe2b4e0 Thread added: 0x000001fe7fe2b4e0
Event: 0.032 Thread 0x000001fe7fe2e820 Thread added: 0x000001fe7fe2e820
Event: 0.032 Thread 0x000001fe7fe32040 Thread added: 0x000001fe7fe32040
Event: 0.032 Thread 0x000001fe7fe38a20 Thread added: 0x000001fe7fe38a20
Event: 0.043 Thread 0x000001fe060fce10 Thread added: 0x000001fe060fce10
Event: 0.051 Thread 0x000001fe060fe350 Thread added: 0x000001fe060fe350


Dynamic libraries:
0x00007ff707c10000 - 0x00007ff707c20000 	C:\Program Files\Java\jdk-20\bin\java.exe
0x00007ffb86d70000 - 0x00007ffb86f65000 	C:\WINDOWS\SYSTEM32\ntdll.dll
0x00007ffb85de0000 - 0x00007ffb85e9d000 	C:\WINDOWS\System32\KERNEL32.DLL
0x00007ffb847d0000 - 0x00007ffb84a9d000 	C:\WINDOWS\System32\KERNELBASE.dll
0x00007ffb846d0000 - 0x00007ffb847d0000 	C:\WINDOWS\System32\ucrtbase.dll
0x00007ffb7f930000 - 0x00007ffb7f949000 	C:\Program Files\Java\jdk-20\bin\jli.dll
0x00007ffb7f910000 - 0x00007ffb7f92b000 	C:\Program Files\Java\jdk-20\bin\VCRUNTIME140.dll
0x00007ffb866f0000 - 0x00007ffb8679e000 	C:\WINDOWS\System32\ADVAPI32.dll
0x00007ffb853f0000 - 0x00007ffb8548e000 	C:\WINDOWS\System32\msvcrt.dll
0x00007ffb863f0000 - 0x00007ffb8648c000 	C:\WINDOWS\System32\sechost.dll
0x00007ffb86200000 - 0x00007ffb86325000 	C:\WINDOWS\System32\RPCRT4.dll
0x00007ffb84d90000 - 0x00007ffb84f30000 	C:\WINDOWS\System32\USER32.dll
0x00007ffb621c0000 - 0x00007ffb6245a000 	C:\WINDOWS\WinSxS\amd64_microsoft.windows.common-controls_6595b64144ccf1df_6.0.19041.1110_none_60b5254171f9507e\COMCTL32.dll
0x00007ffb85cd0000 - 0x00007ffb85cfa000 	C:\WINDOWS\System32\GDI32.dll
0x00007ffb846a0000 - 0x00007ffb846c2000 	C:\WINDOWS\System32\win32u.dll
0x00007ffb84aa0000 - 0x00007ffb84bab000 	C:\WINDOWS\System32\gdi32full.dll
0x00007ffb7b8b0000 - 0x00007ffb7b8ba000 	C:\WINDOWS\SYSTEM32\VERSION.dll
0x00007ffb84cf0000 - 0x00007ffb84d8d000 	C:\WINDOWS\System32\msvcp_win.dll
0x00007ffb85db0000 - 0x00007ffb85de0000 	C:\WINDOWS\System32\IMM32.DLL
0x00007ffb7f900000 - 0x00007ffb7f90c000 	C:\Program Files\Java\jdk-20\bin\vcruntime140_1.dll
0x00007ffb6b500000 - 0x00007ffb6b58e000 	C:\Program Files\Java\jdk-20\bin\msvcp140.dll
0x00007ffaf3750000 - 0x00007ffaf43e7000 	C:\Program Files\Java\jdk-20\bin\server\jvm.dll
0x00007ffb686d0000 - 0x00007ffb686d9000 	C:\WINDOWS\SYSTEM32\WSOCK32.dll
0x00007ffb66230000 - 0x00007ffb66257000 	C:\WINDOWS\SYSTEM32\WINMM.dll
0x00007ffb85be0000 - 0x00007ffb85c4b000 	C:\WINDOWS\System32\WS2_32.dll
0x00007ffb82ca0000 - 0x00007ffb82cb2000 	C:\WINDOWS\SYSTEM32\kernel.appcore.dll
0x00007ffb7f8f0000 - 0x00007ffb7f8fa000 	C:\Program Files\Java\jdk-20\bin\jimage.dll
0x00007ffb82a80000 - 0x00007ffb82c64000 	C:\WINDOWS\SYSTEM32\DBGHELP.DLL
0x00007ffb68e10000 - 0x00007ffb68e3c000 	C:\WINDOWS\SYSTEM32\dbgcore.DLL
0x00007ffb84c60000 - 0x00007ffb84ce2000 	C:\WINDOWS\System32\bcryptPrimitives.dll
0x00007ffb6d780000 - 0x00007ffb6d7a6000 	C:\Program Files\Java\jdk-20\bin\java.dll
0x00007ffb65500000 - 0x00007ffb655d7000 	C:\Program Files\Java\jdk-20\bin\jsvml.dll
0x00007ffb85490000 - 0x00007ffb85bd4000 	C:\WINDOWS\System32\SHELL32.dll
0x00007ffb82220000 - 0x00007ffb829b4000 	C:\WINDOWS\SYSTEM32\windows.storage.dll
0x00007ffb85ea0000 - 0x00007ffb861f4000 	C:\WINDOWS\System32\combase.dll
0x00007ffb83d60000 - 0x00007ffb83d8c000 	C:\WINDOWS\SYSTEM32\Wldp.dll
0x00007ffb86330000 - 0x00007ffb863dd000 	C:\WINDOWS\System32\SHCORE.dll
0x00007ffb85260000 - 0x00007ffb852b5000 	C:\WINDOWS\System32\shlwapi.dll
0x00007ffb84390000 - 0x00007ffb843af000 	C:\WINDOWS\SYSTEM32\profapi.dll
0x0000000066e80000 - 0x0000000066e99000 	D:\Study\Java Optimization\Lab 3\src\native.dll

dbghelp: loaded successfully - version: 4.0.5 - missing functions: none
symbol engine: initialized successfully - sym options: 0x614 - pdb path: .;C:\Program Files\Java\jdk-20\bin;C:\WINDOWS\SYSTEM32;C:\WINDOWS\WinSxS\amd64_microsoft.windows.common-controls_6595b64144ccf1df_6.0.19041.1110_none_60b5254171f9507e;C:\Program Files\Java\jdk-20\bin\server;D:\Study\Java Optimization\Lab 3\src

VM Arguments:
jvm_args: -Djava.library.path=D:\Study\Java Optimization\Lab 3\src 
java_command: HelloWorldJNI
java_class_path (initial): .
Launcher Type: SUN_STANDARD

[Global flags]
     intx CICompilerCount                          = 4                                         {product} {ergonomic}
     uint ConcGCThreads                            = 2                                         {product} {ergonomic}
     uint G1ConcRefinementThreads                  = 8                                         {product} {ergonomic}
   size_t G1HeapRegionSize                         = 2097152                                   {product} {ergonomic}
    uintx GCDrainStackTargetSize                   = 64                                        {product} {ergonomic}
   size_t InitialHeapSize                          = 264241152                                 {product} {ergonomic}
   size_t MarkStackSize                            = 4194304                                   {product} {ergonomic}
   size_t MaxHeapSize                              = 4202692608                                {product} {ergonomic}
   size_t MaxNewSize                               = 2520776704                                {product} {ergonomic}
   size_t MinHeapDeltaBytes                        = 2097152                                   {product} {ergonomic}
   size_t MinHeapSize                              = 8388608                                   {product} {ergonomic}
    uintx NonNMethodCodeHeapSize                   = 5839372                                {pd product} {ergonomic}
    uintx NonProfiledCodeHeapSize                  = 122909434                              {pd product} {ergonomic}
    uintx ProfiledCodeHeapSize                     = 122909434                              {pd product} {ergonomic}
    uintx ReservedCodeCacheSize                    = 251658240                              {pd product} {ergonomic}
     bool SegmentedCodeCache                       = true                                      {product} {ergonomic}
   size_t SoftMaxHeapSize                          = 4202692608                             {manageable} {ergonomic}
     bool UseCompressedClassPointers               = true                           {product lp64_product} {ergonomic}
     bool UseCompressedOops                        = true                           {product lp64_product} {ergonomic}
     bool UseG1GC                                  = true                                      {product} {ergonomic}
     bool UseLargePagesIndividualAllocation        = false                                  {pd product} {ergonomic}

Logging:
Log output configuration:
 #0: stdout all=warning uptime,level,tags foldmultilines=false
 #1: stderr all=off uptime,level,tags foldmultilines=false

Environment Variables:
PATH=C:\Users\Юыќур\bin;D:\Git\mingw64\bin;D:\Git\usr\local\bin;D:\Git\usr\bin;D:\Git\usr\bin;D:\Git\mingw64\bin;D:\Git\usr\bin;C:\Users\Юыќур\bin;C:\Program Files\Common Files\Oracle\Java\javapath;C:\Program Files (x86)\Common Files\Oracle\Java\javapath;C:\Python310\Scripts;C:\Python310;C:\WINDOWS\system32;C:\WINDOWS;C:\WINDOWS\System32\Wbem;C:\WINDOWS\System32\WindowsPowerShell\v1.0;C:\WINDOWS\System32\OpenSSH;C:\ProgramData\chocolatey\bin;C:\Program Files (x86)\dotnet;D:\Git\cmd;D:\gradle-8.1\bin;D:\Node JS;C:\Users\Юыќур\.jdks\corretto-17.0.4.1\bin;C:\Program Files (x86)\Windows Kits\10\Windows Performance Toolkit;C:\Program Files\Docker\Docker\resources\bin;C:\mingw64;C:\mingw64\bin;D:\Visual Studio\Common7\IDE;C:\Users\Юыќур\AppData\Local\Programs\Python\Python312\Scripts;C:\Users\Юыќур\AppData\Local\Programs\Python\Python312;C:\Users\Юыќур\AppData\Local\Microsoft\WindowsApps;D:\openjdk-18.0.2.1_windows-x64_bin\jdk-18.0.2.1\bin;D:\Visual Code\Microsoft VS Code\bin;D:\gradle-8.1\bin;D:\IntelliJ IDEA 2024.1\bin;D:\InteliJ IDEA\IntelliJ IDEA Community Edition 2023.3.4\bin;C:\Users\Юыќур\AppData\Roaming\npm;D:\flutter\bin;D:\maven\apache-maven-3.9.6\bin;D:\Git\usr\bin\vendor_perl;D:\Git\usr\bin\core_perl
USERNAME=Юыќур
SHELL=D:\Git\usr\bin\bash.exe
DISPLAY=needs-to-be-defined
LC_CTYPE=ru_RU.UTF-8
TERM=xterm
TMPDIR=C:\Users\134E~1\AppData\Local\Temp
OS=Windows_NT
PROCESSOR_IDENTIFIER=Intel64 Family 6 Model 140 Stepping 1, GenuineIntel
TMP=C:\Users\134E~1\AppData\Local\Temp
TEMP=C:\Users\134E~1\AppData\Local\Temp




---------------  S Y S T E M  ---------------

OS:
 Windows 10 , 64 bit Build 19041 (10.0.19041.1682)
OS uptime: 0 days 1:18 hours
Hyper-V role detected

CPU: total 8 (initial active 8) (4 cores per cpu, 2 threads per core) family 6 model 140 stepping 1 microcode 0x8a, cx8, cmov, fxsr, ht, mmx, 3dnowpref, sse, sse2, sse3, ssse3, sse4.1, sse4.2, popcnt, lzcnt, tsc, tscinvbit, avx, avx2, aes, erms, clmul, bmi1, bmi2, adx, avx512f, avx512dq, avx512cd, avx512bw, avx512vl, sha, fma, vzeroupper, avx512_vpopcntdq, avx512_vpclmulqdq, avx512_vaes, avx512_vnni, clflush, clflushopt, clwb, avx512_vbmi2, avx512_vbmi, hv, rdtscp, rdpid, fsrm, gfni, avx512_bitalg, f16c, cet_ibt, cet_ss, avx512_ifma

Memory: 4k page, system-wide physical 16026M (8014M free)
TotalPageFile size 19738M (AvailPageFile size 9748M)
current process WorkingSet (physical memory assigned to process): 35M, peak: 35M
current process commit charge ("private bytes"): 337M, peak: 337M

vm_info: Java HotSpot(TM) 64-Bit Server VM (20.0.1+9-29) for windows-amd64 JRE (20.0.1+9-29), built on 2023-03-07T13:56:11Z by "mach5one" with MS VC++ 17.1 (VS2022)

END.
